{"numTotalTestSuites":184,"numPassedTestSuites":180,"numFailedTestSuites":4,"numPendingTestSuites":0,"numTotalTests":661,"numPassedTests":661,"numFailedTests":0,"numPendingTests":0,"numTodoTests":0,"snapshot":{"added":0,"failure":false,"filesAdded":0,"filesRemoved":0,"filesRemovedList":[],"filesUnmatched":0,"filesUpdated":0,"matched":0,"total":0,"unchecked":0,"uncheckedKeysByFile":[],"unmatched":0,"updated":0,"didUpdate":false},"startTime":1775053399978,"success":false,"testResults":[{"assertionResults":[{"ancestorTitles":["CostGuard v2.1","below threshold (50%)"],"fullName":"CostGuard v2.1 below threshold (50%) does not trigger warning or block","status":"passed","title":"does not trigger warning or block","duration":4.346099999999751,"failureMessages":[],"meta":{}},{"ancestorTitles":["CostGuard v2.1","below threshold (50%)"],"fullName":"CostGuard v2.1 below threshold (50%) allows freely when no limits configured","status":"passed","title":"allows freely when no limits configured","duration":0.9830000000001746,"failureMessages":[],"meta":{}},{"ancestorTitles":["CostGuard v2.1","at/above warning threshold (85%)"],"fullName":"CostGuard v2.1 at/above warning threshold (85%) triggers warning but does not block","status":"passed","title":"triggers warning but does not block","duration":1.075699999999415,"failureMessages":[],"meta":{}},{"ancestorTitles":["CostGuard v2.1","at/above warning threshold (85%)"],"fullName":"CostGuard v2.1 at/above warning threshold (85%) exactly at threshold triggers warning","status":"passed","title":"exactly at threshold triggers warning","duration":0.6647000000002663,"failureMessages":[],"meta":{}},{"ancestorTitles":["CostGuard v2.1","above 100% → hard block"],"fullName":"CostGuard v2.1 above 100% → hard block blocks at 101% token usage","status":"passed","title":"blocks at 101% token usage","duration":0.7861000000002605,"failureMessages":[],"meta":{}},{"ancestorTitles":["CostGuard v2.1","above 100% → hard block"],"fullName":"CostGuard v2.1 above 100% → hard block blocks at exactly 100%","status":"passed","title":"blocks at exactly 100%","duration":0.5059000000001106,"failureMessages":[],"meta":{}},{"ancestorTitles":["CostGuard v2.1","above 100% → hard block"],"fullName":"CostGuard v2.1 above 100% → hard block CostLimitExceededError has correct name and message","status":"passed","title":"CostLimitExceededError has correct name and message","duration":1.1566000000002532,"failureMessages":[],"meta":{}},{"ancestorTitles":["CostGuard v2.1","duplicate alert dedup via unique constraint"],"fullName":"CostGuard v2.1 duplicate alert dedup via unique constraint first insert creates alert, second is silently deduped","status":"passed","title":"first insert creates alert, second is silently deduped","duration":0.893500000000131,"failureMessages":[],"meta":{}},{"ancestorTitles":["CostGuard v2.1","duplicate alert dedup via unique constraint"],"fullName":"CostGuard v2.1 duplicate alert dedup via unique constraint different limit types create separate alerts","status":"passed","title":"different limit types create separate alerts","duration":0.6513999999997395,"failureMessages":[],"meta":{}},{"ancestorTitles":["CostGuard v2.1","alert insert failure resilience"],"fullName":"CostGuard v2.1 alert insert failure resilience non-23505 error does not throw, does not block","status":"passed","title":"non-23505 error does not throw, does not block","duration":0.6332000000002154,"failureMessages":[],"meta":{}},{"ancestorTitles":["CostGuard v2.1","alert insert failure resilience"],"fullName":"CostGuard v2.1 alert insert failure resilience try/catch pattern swallows all errors","status":"passed","title":"try/catch pattern swallows all errors","duration":2.882300000000214,"failureMessages":[],"meta":{}},{"ancestorTitles":["CostGuard v2.1","configurable threshold per tenant"],"fullName":"CostGuard v2.1 configurable threshold per tenant threshold=90: 85% does NOT alert","status":"passed","title":"threshold=90: 85% does NOT alert","duration":0.5187000000005355,"failureMessages":[],"meta":{}},{"ancestorTitles":["CostGuard v2.1","configurable threshold per tenant"],"fullName":"CostGuard v2.1 configurable threshold per tenant threshold=90: 91% DOES alert","status":"passed","title":"threshold=90: 91% DOES alert","duration":0.4179999999996653,"failureMessages":[],"meta":{}},{"ancestorTitles":["CostGuard v2.1","configurable threshold per tenant"],"fullName":"CostGuard v2.1 configurable threshold per tenant invalid threshold (0) falls back to 80","status":"passed","title":"invalid threshold (0) falls back to 80","duration":0.39829999999983556,"failureMessages":[],"meta":{}},{"ancestorTitles":["CostGuard v2.1","configurable threshold per tenant"],"fullName":"CostGuard v2.1 configurable threshold per tenant invalid threshold (100) falls back to 80","status":"passed","title":"invalid threshold (100) falls back to 80","duration":0.3245999999999185,"failureMessages":[],"meta":{}},{"ancestorTitles":["CostGuard v2.1","independent token and cost thresholds"],"fullName":"CostGuard v2.1 independent token and cost thresholds token triggers, cost does not","status":"passed","title":"token triggers, cost does not","duration":0.42560000000048603,"failureMessages":[],"meta":{}},{"ancestorTitles":["CostGuard v2.1","independent token and cost thresholds"],"fullName":"CostGuard v2.1 independent token and cost thresholds cost triggers, token does not","status":"passed","title":"cost triggers, token does not","duration":0.7341999999998734,"failureMessages":[],"meta":{}},{"ancestorTitles":["CostGuard v2.1","independent token and cost thresholds"],"fullName":"CostGuard v2.1 independent token and cost thresholds both trigger warning when both above threshold","status":"passed","title":"both trigger warning when both above threshold","duration":1.0901000000003478,"failureMessages":[],"meta":{}},{"ancestorTitles":["CostGuard v2.1","independent token and cost thresholds"],"fullName":"CostGuard v2.1 independent token and cost thresholds multiple usage rows are summed","status":"passed","title":"multiple usage rows are summed","duration":0.5195000000003347,"failureMessages":[],"meta":{}},{"ancestorTitles":["CostGuard v2.1","telemetry tags"],"fullName":"CostGuard v2.1 telemetry tags provides correct telemetry shape","status":"passed","title":"provides correct telemetry shape","duration":0.7627000000002226,"failureMessages":[],"meta":{}}],"startTime":1775053444322,"endTime":1775053444346.7627,"status":"passed","message":"","name":"C:/Users/loays/impact-matrix/tammal/tammal-development-code/tammal/src/ai/__tests__/aiCostGuard.test.ts"},{"assertionResults":[{"ancestorTitles":["Feature Gate RBAC"],"fullName":"Feature Gate RBAC employee can use question_generation","status":"passed","title":"employee can use question_generation","duration":4.472999999999956,"failureMessages":[],"meta":{}},{"ancestorTitles":["Feature Gate RBAC"],"fullName":"Feature Gate RBAC employee can use prompt_rewrite","status":"passed","title":"employee can use prompt_rewrite","duration":0.5906000000004497,"failureMessages":[],"meta":{}},{"ancestorTitles":["Feature Gate RBAC"],"fullName":"Feature Gate RBAC employee cannot use ai_critic_pass","status":"passed","title":"employee cannot use ai_critic_pass","duration":0.9391000000005079,"failureMessages":[],"meta":{}},{"ancestorTitles":["Feature Gate RBAC"],"fullName":"Feature Gate RBAC employee cannot use quality_regen","status":"passed","title":"employee cannot use quality_regen","duration":0.7010000000000218,"failureMessages":[],"meta":{}},{"ancestorTitles":["Feature Gate RBAC"],"fullName":"Feature Gate RBAC manager cannot use ai_critic_pass (requires admin)","status":"passed","title":"manager cannot use ai_critic_pass (requires admin)","duration":1.0862999999999374,"failureMessages":[],"meta":{}},{"ancestorTitles":["Feature Gate RBAC"],"fullName":"Feature Gate RBAC manager cannot use quality_regen (requires admin)","status":"passed","title":"manager cannot use quality_regen (requires admin)","duration":0.9266999999999825,"failureMessages":[],"meta":{}},{"ancestorTitles":["Feature Gate RBAC"],"fullName":"Feature Gate RBAC tenant_admin can use ai_critic_pass","status":"passed","title":"tenant_admin can use ai_critic_pass","duration":0.6932000000006155,"failureMessages":[],"meta":{}},{"ancestorTitles":["Feature Gate RBAC"],"fullName":"Feature Gate RBAC tenant_admin can use quality_regen","status":"passed","title":"tenant_admin can use quality_regen","duration":0.5705000000007203,"failureMessages":[],"meta":{}},{"ancestorTitles":["Feature Gate RBAC"],"fullName":"Feature Gate RBAC super_admin can use any feature","status":"passed","title":"super_admin can use any feature","duration":0.9358999999994921,"failureMessages":[],"meta":{}},{"ancestorTitles":["Feature Gate RBAC"],"fullName":"Feature Gate RBAC unknown role treated as lowest (user)","status":"passed","title":"unknown role treated as lowest (user)","duration":0.7169999999996435,"failureMessages":[],"meta":{}},{"ancestorTitles":["Feature Gate Feature Flags"],"fullName":"Feature Gate Feature Flags disabled feature blocks even admin","status":"passed","title":"disabled feature blocks even admin","duration":0.3735000000006039,"failureMessages":[],"meta":{}},{"ancestorTitles":["Feature Gate Feature Flags"],"fullName":"Feature Gate Feature Flags disabled feature blocks even super_admin","status":"passed","title":"disabled feature blocks even super_admin","duration":0.676300000000083,"failureMessages":[],"meta":{}},{"ancestorTitles":["Feature Gate Feature Flags"],"fullName":"Feature Gate Feature Flags disabled question_generation blocks employee","status":"passed","title":"disabled question_generation blocks employee","duration":0.6972999999998137,"failureMessages":[],"meta":{}},{"ancestorTitles":["Feature Gate Feature Flags"],"fullName":"Feature Gate Feature Flags enabled feature with sufficient role allows access","status":"passed","title":"enabled feature with sufficient role allows access","duration":0.45060000000012224,"failureMessages":[],"meta":{}},{"ancestorTitles":["Feature Gate Denial Precedence"],"fullName":"Feature Gate Denial Precedence feature_disabled takes precedence over rbac","status":"passed","title":"feature_disabled takes precedence over rbac","duration":0.3221000000003187,"failureMessages":[],"meta":{}},{"ancestorTitles":["Role Hierarchy"],"fullName":"Role Hierarchy respects role ordering: user < manager < tenant_admin < super_admin","status":"passed","title":"respects role ordering: user < manager < tenant_admin < super_admin","duration":0.7346999999999753,"failureMessages":[],"meta":{}},{"ancestorTitles":["Role Hierarchy"],"fullName":"Role Hierarchy manager can use employee-level features","status":"passed","title":"manager can use employee-level features","duration":0.47890000000006694,"failureMessages":[],"meta":{}}],"startTime":1775053458152,"endTime":1775053458170.479,"status":"passed","message":"","name":"C:/Users/loays/impact-matrix/tammal/tammal-development-code/tammal/src/ai/__tests__/aiFeatureGate.test.ts"},{"assertionResults":[{"ancestorTitles":["AI Governance RBAC"],"fullName":"AI Governance RBAC super admin sees all tabs","status":"passed","title":"super admin sees all tabs","duration":3.738600000000588,"failureMessages":[],"meta":{}},{"ancestorTitles":["AI Governance RBAC"],"fullName":"AI Governance RBAC tenant admin sees overview by default","status":"passed","title":"tenant admin sees overview by default","duration":1.2210999999997512,"failureMessages":[],"meta":{}},{"ancestorTitles":["AI Governance RBAC"],"fullName":"AI Governance RBAC engineering permission grants engineering tab","status":"passed","title":"engineering permission grants engineering tab","duration":0.5459000000000742,"failureMessages":[],"meta":{}},{"ancestorTitles":["AI Governance RBAC"],"fullName":"AI Governance RBAC finance permission grants finance tab","status":"passed","title":"finance permission grants finance tab","duration":0.4819000000006781,"failureMessages":[],"meta":{}},{"ancestorTitles":["AI Governance RBAC"],"fullName":"AI Governance RBAC risk permission grants risk tab","status":"passed","title":"risk permission grants risk tab","duration":0.5387000000000626,"failureMessages":[],"meta":{}},{"ancestorTitles":["AI Governance RBAC"],"fullName":"AI Governance RBAC no permission shows only overview","status":"passed","title":"no permission shows only overview","duration":3.3361000000004424,"failureMessages":[],"meta":{}},{"ancestorTitles":["AI Governance RBAC"],"fullName":"AI Governance RBAC control actions blocked for non-super-admin","status":"passed","title":"control actions blocked for non-super-admin","duration":0.6450999999997293,"failureMessages":[],"meta":{}},{"ancestorTitles":["AI Governance RBAC"],"fullName":"AI Governance RBAC audit log access requires admin role","status":"passed","title":"audit log access requires admin role","duration":0.5707999999995081,"failureMessages":[],"meta":{}},{"ancestorTitles":["AI Governance Tenant Isolation"],"fullName":"AI Governance Tenant Isolation summary data filtered by tenant_id","status":"passed","title":"summary data filtered by tenant_id","duration":17.578299999999217,"failureMessages":[],"meta":{}},{"ancestorTitles":["AI Governance Tenant Isolation"],"fullName":"AI Governance Tenant Isolation cost breakdown scoped to tenant","status":"passed","title":"cost breakdown scoped to tenant","duration":0.7423999999991793,"failureMessages":[],"meta":{}},{"ancestorTitles":["AI Governance Tenant Isolation"],"fullName":"AI Governance Tenant Isolation performance data scoped correctly","status":"passed","title":"performance data scoped correctly","duration":0.8832999999995081,"failureMessages":[],"meta":{}},{"ancestorTitles":["AI Governance Tenant Isolation"],"fullName":"AI Governance Tenant Isolation cannot access other tenant budget config","status":"passed","title":"cannot access other tenant budget config","duration":2.630199999999604,"failureMessages":[],"meta":{}},{"ancestorTitles":["AI Governance Tenant Isolation"],"fullName":"AI Governance Tenant Isolation audit log scoped to tenant","status":"passed","title":"audit log scoped to tenant","duration":0.8134000000000015,"failureMessages":[],"meta":{}},{"ancestorTitles":["AI Governance Data Correctness"],"fullName":"AI Governance Data Correctness overview KPIs match forecast state values","status":"passed","title":"overview KPIs match forecast state values","duration":0.5036000000000058,"failureMessages":[],"meta":{}},{"ancestorTitles":["AI Governance Data Correctness"],"fullName":"AI Governance Data Correctness cost trend chart data maps correctly","status":"passed","title":"cost trend chart data maps correctly","duration":1.9104000000006636,"failureMessages":[],"meta":{}},{"ancestorTitles":["AI Governance Data Correctness"],"fullName":"AI Governance Data Correctness provider dominance calculated from usage_24h","status":"passed","title":"provider dominance calculated from usage_24h","duration":16.120899999999892,"failureMessages":[],"meta":{}},{"ancestorTitles":["AI Governance Data Correctness"],"fullName":"AI Governance Data Correctness Thompson alpha/beta displayed correctly","status":"passed","title":"Thompson alpha/beta displayed correctly","duration":0.6103000000002794,"failureMessages":[],"meta":{}},{"ancestorTitles":["AI Governance Data Correctness"],"fullName":"AI Governance Data Correctness Beta PDF curve points computed accurately","status":"passed","title":"Beta PDF curve points computed accurately","duration":1.2523000000001048,"failureMessages":[],"meta":{}},{"ancestorTitles":["AI Governance Data Correctness"],"fullName":"AI Governance Data Correctness routing inspector parses settings JSON correctly","status":"passed","title":"routing inspector parses settings JSON correctly","duration":0.36419999999998254,"failureMessages":[],"meta":{}},{"ancestorTitles":["AI Governance Data Correctness"],"fullName":"AI Governance Data Correctness penalty expiry countdown accurate","status":"passed","title":"penalty expiry countdown accurate","duration":0.9193999999997686,"failureMessages":[],"meta":{}},{"ancestorTitles":["AI Governance Data Correctness"],"fullName":"AI Governance Data Correctness budget utilization percentage correct","status":"passed","title":"budget utilization percentage correct","duration":2.006899999999405,"failureMessages":[],"meta":{}},{"ancestorTitles":["AI Governance Data Correctness"],"fullName":"AI Governance Data Correctness SLA risk badge color mapping","status":"passed","title":"SLA risk badge color mapping","duration":0.4328000000004977,"failureMessages":[],"meta":{}},{"ancestorTitles":["AI Governance Data Correctness"],"fullName":"AI Governance Data Correctness performance drift score display","status":"passed","title":"performance drift score display","duration":0.22450000000026193,"failureMessages":[],"meta":{}},{"ancestorTitles":["AI Governance Control Actions"],"fullName":"AI Governance Control Actions switch strategy validates input","status":"passed","title":"switch strategy validates input","duration":0.27779999999984284,"failureMessages":[],"meta":{}},{"ancestorTitles":["AI Governance Control Actions"],"fullName":"AI Governance Control Actions reset posterior sets ts_alpha=1, ts_beta=1","status":"passed","title":"reset posterior sets ts_alpha=1, ts_beta=1","duration":0.3194000000003143,"failureMessages":[],"meta":{}},{"ancestorTitles":["AI Governance Control Actions"],"fullName":"AI Governance Control Actions apply penalty creates row with correct TTL","status":"passed","title":"apply penalty creates row with correct TTL","duration":0.20800000000053842,"failureMessages":[],"meta":{}},{"ancestorTitles":["AI Governance Control Actions"],"fullName":"AI Governance Control Actions clear penalty removes row by ID","status":"passed","title":"clear penalty removes row by ID","duration":0.5336000000006607,"failureMessages":[],"meta":{}},{"ancestorTitles":["AI Governance Control Actions"],"fullName":"AI Governance Control Actions update budget validates positive values","status":"passed","title":"update budget validates positive values","duration":0.22580000000016298,"failureMessages":[],"meta":{}},{"ancestorTitles":["AI Governance Control Actions"],"fullName":"AI Governance Control Actions refresh summary is idempotent","status":"passed","title":"refresh summary is idempotent","duration":0.38400000000001455,"failureMessages":[],"meta":{}},{"ancestorTitles":["AI Governance Control Actions"],"fullName":"AI Governance Control Actions all actions create audit log entries","status":"passed","title":"all actions create audit log entries","duration":0.8382000000001426,"failureMessages":[],"meta":{}},{"ancestorTitles":["AI Governance Control Actions"],"fullName":"AI Governance Control Actions optimistic UI updates on mutation","status":"passed","title":"optimistic UI updates on mutation","duration":0.34169999999994616,"failureMessages":[],"meta":{}},{"ancestorTitles":["AI Governance Control Actions"],"fullName":"AI Governance Control Actions error handling on failed mutations","status":"passed","title":"error handling on failed mutations","duration":0.36520000000018626,"failureMessages":[],"meta":{}},{"ancestorTitles":["AI Governance Control Actions"],"fullName":"AI Governance Control Actions concurrent action safety","status":"passed","title":"concurrent action safety","duration":0.3268000000007305,"failureMessages":[],"meta":{}},{"ancestorTitles":["AI Governance Edge Cases"],"fullName":"AI Governance Edge Cases empty metrics gracefully shows \"No data\"","status":"passed","title":"empty metrics gracefully shows \"No data\"","duration":0.28760000000056607,"failureMessages":[],"meta":{}},{"ancestorTitles":["AI Governance Edge Cases"],"fullName":"AI Governance Edge Cases missing forecast_state shows defaults","status":"passed","title":"missing forecast_state shows defaults","duration":0.3066999999991822,"failureMessages":[],"meta":{}},{"ancestorTitles":["AI Governance Edge Cases"],"fullName":"AI Governance Edge Cases missing budget_config shows \"No config\"","status":"passed","title":"missing budget_config shows \"No config\"","duration":16.27440000000024,"failureMessages":[],"meta":{}},{"ancestorTitles":["AI Governance Edge Cases"],"fullName":"AI Governance Edge Cases zero providers renders empty chart","status":"passed","title":"zero providers renders empty chart","duration":0.5232999999998356,"failureMessages":[],"meta":{}},{"ancestorTitles":["AI Governance Edge Cases"],"fullName":"AI Governance Edge Cases very large sample counts do not overflow","status":"passed","title":"very large sample counts do not overflow","duration":0.43549999999959255,"failureMessages":[],"meta":{}},{"ancestorTitles":["AI Governance Edge Cases"],"fullName":"AI Governance Edge Cases date formatting handles timezone correctly","status":"passed","title":"date formatting handles timezone correctly","duration":0.28139999999984866,"failureMessages":[],"meta":{}},{"ancestorTitles":["AI Governance Edge Cases"],"fullName":"AI Governance Edge Cases stale data indicator when last_updated > 1 hour","status":"passed","title":"stale data indicator when last_updated > 1 hour","duration":0.2632999999996173,"failureMessages":[],"meta":{}},{"ancestorTitles":["AI Governance No Regression"],"fullName":"AI Governance No Regression existing routing works without governance dashboard","status":"passed","title":"existing routing works without governance dashboard","duration":0.1912000000002081,"failureMessages":[],"meta":{}},{"ancestorTitles":["AI Governance No Regression"],"fullName":"AI Governance No Regression materialized view refresh does not block routing","status":"passed","title":"materialized view refresh does not block routing","duration":0.16610000000036962,"failureMessages":[],"meta":{}},{"ancestorTitles":["AI Governance No Regression"],"fullName":"AI Governance No Regression edge function CORS headers present","status":"passed","title":"edge function CORS headers present","duration":0.1756999999997788,"failureMessages":[],"meta":{}},{"ancestorTitles":["AI Governance No Regression"],"fullName":"AI Governance No Regression authentication required for all endpoints","status":"passed","title":"authentication required for all endpoints","duration":0.26270000000022264,"failureMessages":[],"meta":{}},{"ancestorTitles":["AI Governance No Regression"],"fullName":"AI Governance No Regression invalid action returns 400","status":"passed","title":"invalid action returns 400","duration":0.3775000000005093,"failureMessages":[],"meta":{}},{"ancestorTitles":["AI Governance No Regression"],"fullName":"AI Governance No Regression rate limiting on control actions is enforceable","status":"passed","title":"rate limiting on control actions is enforceable","duration":0.24859999999989668,"failureMessages":[],"meta":{}},{"ancestorTitles":["AI Governance No Regression"],"fullName":"AI Governance No Regression service role required for write operations","status":"passed","title":"service role required for write operations","duration":0.1856000000007043,"failureMessages":[],"meta":{}},{"ancestorTitles":["AI Governance No Regression"],"fullName":"AI Governance No Regression JSON serialization of all telemetry fields","status":"passed","title":"JSON serialization of all telemetry fields","duration":0.3931000000002314,"failureMessages":[],"meta":{}},{"ancestorTitles":["AI Governance No Regression"],"fullName":"AI Governance No Regression response time under 200ms for summary endpoint (architecture check)","status":"passed","title":"response time under 200ms for summary endpoint (architecture check)","duration":0.17810000000008586,"failureMessages":[],"meta":{}},{"ancestorTitles":["AI Governance No Regression"],"fullName":"AI Governance No Regression no N+1 queries in summary fetch","status":"passed","title":"no N+1 queries in summary fetch","duration":0.15679999999974825,"failureMessages":[],"meta":{}},{"ancestorTitles":["Beta Distribution Math"],"fullName":"Beta Distribution Math betaPdf returns 0 at boundaries","status":"passed","title":"betaPdf returns 0 at boundaries","duration":0.21409999999923457,"failureMessages":[],"meta":{}},{"ancestorTitles":["Beta Distribution Math"],"fullName":"Beta Distribution Math betaPdf peaks at mode for alpha > 1, beta > 1","status":"passed","title":"betaPdf peaks at mode for alpha > 1, beta > 1","duration":0.3779999999997017,"failureMessages":[],"meta":{}},{"ancestorTitles":["Beta Distribution Math"],"fullName":"Beta Distribution Math betaPdf is symmetric for equal alpha and beta","status":"passed","title":"betaPdf is symmetric for equal alpha and beta","duration":0.23079999999936263,"failureMessages":[],"meta":{}},{"ancestorTitles":["Beta Distribution Math"],"fullName":"Beta Distribution Math logGamma produces finite results for large inputs","status":"passed","title":"logGamma produces finite results for large inputs","duration":0.21939999999995052,"failureMessages":[],"meta":{}}],"startTime":1775053429171,"endTime":1775053429258.2307,"status":"passed","message":"","name":"C:/Users/loays/impact-matrix/tammal/tammal-development-code/tammal/src/ai/__tests__/aiGovernance.test.ts"},{"assertionResults":[{"ancestorTitles":["categoryGuard"],"fullName":"categoryGuard passes for valid category and subcategory","status":"passed","title":"passes for valid category and subcategory","duration":6.886999999998807,"failureMessages":[],"meta":{}},{"ancestorTitles":["categoryGuard"],"fullName":"categoryGuard fails when category_id is missing","status":"passed","title":"fails when category_id is missing","duration":4.697699999998804,"failureMessages":[],"meta":{}},{"ancestorTitles":["categoryGuard"],"fullName":"categoryGuard fails when category_id is not in allowed set","status":"passed","title":"fails when category_id is not in allowed set","duration":1.0363999999990483,"failureMessages":[],"meta":{}},{"ancestorTitles":["categoryGuard"],"fullName":"categoryGuard fails when subcategory_id is not in allowed set","status":"passed","title":"fails when subcategory_id is not in allowed set","duration":0.879399999999805,"failureMessages":[],"meta":{}},{"ancestorTitles":["categoryGuard"],"fullName":"categoryGuard fails when subcategory belongs to different category","status":"passed","title":"fails when subcategory belongs to different category","duration":1.0764999999992142,"failureMessages":[],"meta":{}},{"ancestorTitles":["categoryGuard"],"fullName":"categoryGuard skips validation when no categories are selected","status":"passed","title":"skips validation when no categories are selected","duration":0.4333999999998923,"failureMessages":[],"meta":{}},{"ancestorTitles":["categoryGuard"],"fullName":"categoryGuard validates batch and counts invalid questions","status":"passed","title":"validates batch and counts invalid questions","duration":1.1054000000003725,"failureMessages":[],"meta":{}},{"ancestorTitles":["contextBuilder"],"fullName":"contextBuilder builds context from layers preserving order","status":"passed","title":"builds context from layers preserving order","duration":2.3711999999995896,"failureMessages":[],"meta":{}},{"ancestorTitles":["contextBuilder"],"fullName":"contextBuilder trims layer exceeding its maxChars","status":"passed","title":"trims layer exceeding its maxChars","duration":5.39639999999963,"failureMessages":[],"meta":{}},{"ancestorTitles":["contextBuilder"],"fullName":"contextBuilder skips empty layers","status":"passed","title":"skips empty layers","duration":1.325699999999415,"failureMessages":[],"meta":{}},{"ancestorTitles":["contextBuilder"],"fullName":"contextBuilder never exceeds MAX_CONTEXT_CHARS","status":"passed","title":"never exceeds MAX_CONTEXT_CHARS","duration":2.187900000000809,"failureMessages":[],"meta":{}},{"ancestorTitles":["promptInjectionSandboxing"],"fullName":"promptInjectionSandboxing strips \"ignore previous instructions\" pattern","status":"passed","title":"strips \"ignore previous instructions\" pattern","duration":1.6115000000008877,"failureMessages":[],"meta":{}},{"ancestorTitles":["promptInjectionSandboxing"],"fullName":"promptInjectionSandboxing strips \"developer message\" pattern","status":"passed","title":"strips \"developer message\" pattern","duration":0.42480000000068685,"failureMessages":[],"meta":{}},{"ancestorTitles":["promptInjectionSandboxing"],"fullName":"promptInjectionSandboxing strips \"forget everything\" pattern","status":"passed","title":"strips \"forget everything\" pattern","duration":0.3004000000000815,"failureMessages":[],"meta":{}},{"ancestorTitles":["promptInjectionSandboxing"],"fullName":"promptInjectionSandboxing preserves normal content without modification","status":"passed","title":"preserves normal content without modification","duration":0.3078000000004977,"failureMessages":[],"meta":{}},{"ancestorTitles":["promptInjectionSandboxing"],"fullName":"promptInjectionSandboxing sandboxUserDirective wraps in XML delimiter","status":"passed","title":"sandboxUserDirective wraps in XML delimiter","duration":0.6278000000002066,"failureMessages":[],"meta":{}},{"ancestorTitles":["promptInjectionSandboxing"],"fullName":"promptInjectionSandboxing sandboxUserDirective clamps length to MAX_CUSTOM_PROMPT_CHARS","status":"passed","title":"sandboxUserDirective clamps length to MAX_CUSTOM_PROMPT_CHARS","duration":0.34939999999915017,"failureMessages":[],"meta":{}},{"ancestorTitles":["modeSeparation"],"fullName":"modeSeparation survey schema rejects moodLevels","status":"passed","title":"survey schema rejects moodLevels","duration":5.970500000001266,"failureMessages":[],"meta":{}},{"ancestorTitles":["modeSeparation"],"fullName":"modeSeparation survey schema accepts valid input without moodLevels","status":"passed","title":"survey schema accepts valid input without moodLevels","duration":0.7760999999991327,"failureMessages":[],"meta":{}},{"ancestorTitles":["modeSeparation"],"fullName":"modeSeparation wellness schema requires moodLevels with at least one entry","status":"passed","title":"wellness schema requires moodLevels with at least one entry","duration":2.4606000000003405,"failureMessages":[],"meta":{}},{"ancestorTitles":["modeSeparation"],"fullName":"modeSeparation wellness schema rejects empty moodLevels","status":"passed","title":"wellness schema rejects empty moodLevels","duration":1.9061000000001513,"failureMessages":[],"meta":{}},{"ancestorTitles":["modeSeparation"],"fullName":"modeSeparation wellness schema accepts valid input with moodLevels","status":"passed","title":"wellness schema accepts valid input with moodLevels","duration":1.8585000000002765,"failureMessages":[],"meta":{}},{"ancestorTitles":["modeSeparation"],"fullName":"modeSeparation survey prompt def has distinct id from wellness","status":"passed","title":"survey prompt def has distinct id from wellness","duration":3.981499999999869,"failureMessages":[],"meta":{}}],"startTime":1775053431088,"endTime":1775053431138.9814,"status":"passed","message":"","name":"C:/Users/loays/impact-matrix/tammal/tammal-development-code/tammal/src/ai/__tests__/aiIntegrity.test.ts"},{"assertionResults":[{"ancestorTitles":["Limit Resolver v1.0","resolution priority"],"fullName":"Limit Resolver v1.0 resolution priority override wins over plan","status":"passed","title":"override wins over plan","duration":4.704600000000028,"failureMessages":[],"meta":{}},{"ancestorTitles":["Limit Resolver v1.0","resolution priority"],"fullName":"Limit Resolver v1.0 resolution priority plan used when override missing","status":"passed","title":"plan used when override missing","duration":0.9236000000000786,"failureMessages":[],"meta":{}},{"ancestorTitles":["Limit Resolver v1.0","resolution priority"],"fullName":"Limit Resolver v1.0 resolution priority none when both missing","status":"passed","title":"none when both missing","duration":0.7619000000004235,"failureMessages":[],"meta":{}},{"ancestorTitles":["Limit Resolver v1.0","resolution priority"],"fullName":"Limit Resolver v1.0 resolution priority plan used when override missing but plan exists","status":"passed","title":"plan used when override missing but plan exists","duration":0.795999999999367,"failureMessages":[],"meta":{}},{"ancestorTitles":["Limit Resolver v1.0","validation"],"fullName":"Limit Resolver v1.0 validation invalid threshold falls back to 80","status":"passed","title":"invalid threshold falls back to 80","duration":0.7232000000003609,"failureMessages":[],"meta":{}},{"ancestorTitles":["Limit Resolver v1.0","validation"],"fullName":"Limit Resolver v1.0 validation negative limits treated as null","status":"passed","title":"negative limits treated as null","duration":0.4562999999998283,"failureMessages":[],"meta":{}},{"ancestorTitles":["Limit Resolver v1.0","validation"],"fullName":"Limit Resolver v1.0 validation NaN limits treated as null","status":"passed","title":"NaN limits treated as null","duration":0.5703999999996086,"failureMessages":[],"meta":{}},{"ancestorTitles":["CostGuard v3 with resolved limits"],"fullName":"CostGuard v3 with resolved limits unlimited plan (enterprise) → no block, no warning","status":"passed","title":"unlimited plan (enterprise) → no block, no warning","duration":1.2121999999999389,"failureMessages":[],"meta":{}},{"ancestorTitles":["CostGuard v3 with resolved limits"],"fullName":"CostGuard v3 with resolved limits free plan at 85% → warning, not blocked","status":"passed","title":"free plan at 85% → warning, not blocked","duration":0.8988000000008469,"failureMessages":[],"meta":{}},{"ancestorTitles":["CostGuard v3 with resolved limits"],"fullName":"CostGuard v3 with resolved limits override limits at 101% → blocked","status":"passed","title":"override limits at 101% → blocked","duration":0.7326999999995678,"failureMessages":[],"meta":{}},{"ancestorTitles":["CostGuard v3 with resolved limits"],"fullName":"CostGuard v3 with resolved limits none source → unlimited, no checks","status":"passed","title":"none source → unlimited, no checks","duration":0.45159999999941647,"failureMessages":[],"meta":{}},{"ancestorTitles":["CostGuard v3 with resolved limits"],"fullName":"CostGuard v3 with resolved limits telemetry fields populated correctly","status":"passed","title":"telemetry fields populated correctly","duration":0.5444000000006781,"failureMessages":[],"meta":{}},{"ancestorTitles":["CostGuard v3 with resolved limits"],"fullName":"CostGuard v3 with resolved limits plan threshold=85: 84% does NOT warn, 86% does","status":"passed","title":"plan threshold=85: 84% does NOT warn, 86% does","duration":0.42549999999937427,"failureMessages":[],"meta":{}}],"startTime":1775053450541,"endTime":1775053450556.4255,"status":"passed","message":"","name":"C:/Users/loays/impact-matrix/tammal/tammal-development-code/tammal/src/ai/__tests__/aiLimitResolver.test.ts"},{"assertionResults":[{"ancestorTitles":["aiOrchestrator"],"fullName":"aiOrchestrator picks default order [gemini, openai] with empty scores","status":"passed","title":"picks default order [gemini, openai] with empty scores","duration":7.608600000000479,"failureMessages":[],"meta":{}},{"ancestorTitles":["aiOrchestrator"],"fullName":"aiOrchestrator always returns exactly 2 providers","status":"passed","title":"always returns exactly 2 providers","duration":1.3456000000005588,"failureMessages":[],"meta":{}},{"ancestorTitles":["aiOrchestrator"],"fullName":"aiOrchestrator promotes openai after repeated gemini failures","status":"passed","title":"promotes openai after repeated gemini failures","duration":1.5843000000004395,"failureMessages":[],"meta":{}},{"ancestorTitles":["aiOrchestrator"],"fullName":"aiOrchestrator penalizes provider for schema_invalid outcomes","status":"passed","title":"penalizes provider for schema_invalid outcomes","duration":0.8321999999998297,"failureMessages":[],"meta":{}},{"ancestorTitles":["aiOrchestrator"],"fullName":"aiOrchestrator penalizes provider for timeout outcomes","status":"passed","title":"penalizes provider for timeout outcomes","duration":0.8194999999996071,"failureMessages":[],"meta":{}},{"ancestorTitles":["aiOrchestrator"],"fullName":"aiOrchestrator never exceeds 2 attempts (max = provider count)","status":"passed","title":"never exceeds 2 attempts (max = provider count)","duration":0.836500000000342,"failureMessages":[],"meta":{}},{"ancestorTitles":["aiOrchestrator"],"fullName":"aiOrchestrator computes correct rank for mixed outcomes","status":"passed","title":"computes correct rank for mixed outcomes","duration":0.9340999999994892,"failureMessages":[],"meta":{}},{"ancestorTitles":["aiOrchestrator"],"fullName":"aiOrchestrator resolves model for same provider (no crossover)","status":"passed","title":"resolves model for same provider (no crossover)","duration":0.6782000000002881,"failureMessages":[],"meta":{}},{"ancestorTitles":["aiOrchestrator"],"fullName":"aiOrchestrator resolves model for cross-provider fallback","status":"passed","title":"resolves model for cross-provider fallback","duration":0.45899999999983265,"failureMessages":[],"meta":{}},{"ancestorTitles":["aiOrchestrator"],"fullName":"aiOrchestrator resolves model from openai to gemini","status":"passed","title":"resolves model from openai to gemini","duration":0.4915999999993801,"failureMessages":[],"meta":{}},{"ancestorTitles":["aiOrchestrator"],"fullName":"aiOrchestrator updates p95 latency from recent calls","status":"passed","title":"updates p95 latency from recent calls","duration":0.4521999999997206,"failureMessages":[],"meta":{}}],"startTime":1775053454835,"endTime":1775053454852.4521,"status":"passed","message":"","name":"C:/Users/loays/impact-matrix/tammal/tammal-development-code/tammal/src/ai/__tests__/aiOrchestrator.test.ts"},{"assertionResults":[{"ancestorTitles":["AI Config"],"fullName":"AI Config DEFAULT_PROVIDER and FALLBACK_PROVIDER are different","status":"passed","title":"DEFAULT_PROVIDER and FALLBACK_PROVIDER are different","duration":4.228100000000268,"failureMessages":[],"meta":{}},{"ancestorTitles":["AI Config"],"fullName":"AI Config MODEL_FALLBACK_MAP has symmetric entries","status":"passed","title":"MODEL_FALLBACK_MAP has symmetric entries","duration":1.2574000000004162,"failureMessages":[],"meta":{}},{"ancestorTitles":["AI Config"],"fullName":"AI Config getProviderFromModel detects openai","status":"passed","title":"getProviderFromModel detects openai","duration":0.5465999999996711,"failureMessages":[],"meta":{}},{"ancestorTitles":["AI Config"],"fullName":"AI Config getProviderFromModel defaults to gemini","status":"passed","title":"getProviderFromModel defaults to gemini","duration":0.5169999999998254,"failureMessages":[],"meta":{}},{"ancestorTitles":["AI Config"],"fullName":"AI Config FEATURE_MODEL_MAP has question-generator entry","status":"passed","title":"FEATURE_MODEL_MAP has question-generator entry","duration":0.7999999999992724,"failureMessages":[],"meta":{}},{"ancestorTitles":["questionGeneratorPrompt"],"fullName":"questionGeneratorPrompt has valid prompt metadata","status":"passed","title":"has valid prompt metadata","duration":0.8827999999994063,"failureMessages":[],"meta":{}},{"ancestorTitles":["questionGeneratorPrompt"],"fullName":"questionGeneratorPrompt variablesSchema accepts valid input","status":"passed","title":"variablesSchema accepts valid input","duration":5.825300000000425,"failureMessages":[],"meta":{}},{"ancestorTitles":["questionGeneratorPrompt"],"fullName":"questionGeneratorPrompt variablesSchema rejects invalid questionCount","status":"passed","title":"variablesSchema rejects invalid questionCount","duration":27.113499999999476,"failureMessages":[],"meta":{}},{"ancestorTitles":["questionGeneratorPrompt"],"fullName":"questionGeneratorPrompt variablesSchema rejects invalid complexity","status":"passed","title":"variablesSchema rejects invalid complexity","duration":0.9763000000002648,"failureMessages":[],"meta":{}},{"ancestorTitles":["questionGeneratorPrompt"],"fullName":"questionGeneratorPrompt outputSchema rejects missing questions","status":"passed","title":"outputSchema rejects missing questions","duration":1.1437999999998283,"failureMessages":[],"meta":{}},{"ancestorTitles":["questionGeneratorPrompt"],"fullName":"questionGeneratorPrompt outputSchema rejects empty questions array","status":"passed","title":"outputSchema rejects empty questions array","duration":0.566899999999805,"failureMessages":[],"meta":{}},{"ancestorTitles":["questionGeneratorPrompt"],"fullName":"questionGeneratorPrompt outputSchema accepts valid response","status":"passed","title":"outputSchema accepts valid response","duration":1.2259000000012747,"failureMessages":[],"meta":{}},{"ancestorTitles":["questionGeneratorPrompt"],"fullName":"questionGeneratorPrompt outputSchema includes provider and used_fallback fields","status":"passed","title":"outputSchema includes provider and used_fallback fields","duration":1.148299999998926,"failureMessages":[],"meta":{}},{"ancestorTitles":["AI Domain Errors"],"fullName":"AI Domain Errors AIResponseInvalidError is instanceof DomainError","status":"passed","title":"AIResponseInvalidError is instanceof DomainError","duration":0.4269000000003871,"failureMessages":[],"meta":{}},{"ancestorTitles":["AI Domain Errors"],"fullName":"AI Domain Errors ServiceUnavailableError has correct name","status":"passed","title":"ServiceUnavailableError has correct name","duration":0.43369999999958964,"failureMessages":[],"meta":{}},{"ancestorTitles":["aiClient.generateStructured"],"fullName":"aiClient.generateStructured returns validated output on success","status":"passed","title":"returns validated output on success","duration":30.582000000000335,"failureMessages":[],"meta":{}},{"ancestorTitles":["aiClient.generateStructured"],"fullName":"aiClient.generateStructured throws AIResponseInvalidError when output fails Zod validation","status":"passed","title":"throws AIResponseInvalidError when output fails Zod validation","duration":72.65190000000075,"failureMessages":[],"meta":{}},{"ancestorTitles":["aiClient.generateStructured"],"fullName":"aiClient.generateStructured throws ServiceUnavailableError when edge function returns error","status":"passed","title":"throws ServiceUnavailableError when edge function returns error","duration":3.331000000000131,"failureMessages":[],"meta":{}},{"ancestorTitles":["aiClient.generateStructured"],"fullName":"aiClient.generateStructured throws ServiceUnavailableError when response has error field","status":"passed","title":"throws ServiceUnavailableError when response has error field","duration":2.319100000000617,"failureMessages":[],"meta":{}},{"ancestorTitles":["aiClient.generateStructured"],"fullName":"aiClient.generateStructured throws AIResponseInvalidError for invalid input variables","status":"passed","title":"throws AIResponseInvalidError for invalid input variables","duration":1.6526000000012573,"failureMessages":[],"meta":{}}],"startTime":1775053430341,"endTime":1775053430504.6526,"status":"passed","message":"","name":"C:/Users/loays/impact-matrix/tammal/tammal-development-code/tammal/src/ai/__tests__/aiPlatform.test.ts"},{"assertionResults":[{"ancestorTitles":["detectDuplicates"],"fullName":"detectDuplicates returns empty set for unique questions","status":"passed","title":"returns empty set for unique questions","duration":5.69589999999971,"failureMessages":[],"meta":{}},{"ancestorTitles":["detectDuplicates"],"fullName":"detectDuplicates detects exact duplicates","status":"passed","title":"detects exact duplicates","duration":0.8728000000000975,"failureMessages":[],"meta":{}},{"ancestorTitles":["detectDuplicates"],"fullName":"detectDuplicates detects duplicates ignoring case and punctuation","status":"passed","title":"detects duplicates ignoring case and punctuation","duration":0.6000999999996566,"failureMessages":[],"meta":{}},{"ancestorTitles":["detectDuplicates"],"fullName":"detectDuplicates keeps first occurrence, marks later ones","status":"passed","title":"keeps first occurrence, marks later ones","duration":0.8059999999995853,"failureMessages":[],"meta":{}},{"ancestorTitles":["scoreQuestionHeuristics"],"fullName":"scoreQuestionHeuristics gives high score to a well-formed question","status":"passed","title":"gives high score to a well-formed question","duration":4.351400000000467,"failureMessages":[],"meta":{}},{"ancestorTitles":["scoreQuestionHeuristics"],"fullName":"scoreQuestionHeuristics penalizes too-short questions","status":"passed","title":"penalizes too-short questions","duration":3.5721999999996115,"failureMessages":[],"meta":{}},{"ancestorTitles":["scoreQuestionHeuristics"],"fullName":"scoreQuestionHeuristics penalizes too-long questions","status":"passed","title":"penalizes too-long questions","duration":0.8474999999998545,"failureMessages":[],"meta":{}},{"ancestorTitles":["scoreQuestionHeuristics"],"fullName":"scoreQuestionHeuristics flags multiple question marks","status":"passed","title":"flags multiple question marks","duration":2.939300000000003,"failureMessages":[],"meta":{}},{"ancestorTitles":["scoreQuestionHeuristics"],"fullName":"scoreQuestionHeuristics flags leading language in survey mode","status":"passed","title":"flags leading language in survey mode","duration":1.698500000000422,"failureMessages":[],"meta":{}},{"ancestorTitles":["scoreQuestionHeuristics"],"fullName":"scoreQuestionHeuristics does NOT flag leading language in wellness mode","status":"passed","title":"does NOT flag leading language in wellness mode","duration":0.9445999999998094,"failureMessages":[],"meta":{}},{"ancestorTitles":["scoreQuestionHeuristics"],"fullName":"scoreQuestionHeuristics flags unsafe content with big penalty","status":"passed","title":"flags unsafe content with big penalty","duration":0.8341000000000349,"failureMessages":[],"meta":{}},{"ancestorTitles":["scoreQuestionHeuristics"],"fullName":"scoreQuestionHeuristics flags duplicate when isDuplicate=true","status":"passed","title":"flags duplicate when isDuplicate=true","duration":0.6111000000000786,"failureMessages":[],"meta":{}},{"ancestorTitles":["scoreQuestionHeuristics"],"fullName":"scoreQuestionHeuristics flags category mismatch when ID not in allowed set","status":"passed","title":"flags category mismatch when ID not in allowed set","duration":0.4767999999994572,"failureMessages":[],"meta":{}},{"ancestorTitles":["scoreQuestionHeuristics"],"fullName":"scoreQuestionHeuristics does not flag category when ID is in allowed set","status":"passed","title":"does not flag category when ID is in allowed set","duration":0.5145000000002256,"failureMessages":[],"meta":{}},{"ancestorTitles":["scoreQuestionHeuristics"],"fullName":"scoreQuestionHeuristics flags MC question without options","status":"passed","title":"flags MC question without options","duration":0.47080000000005384,"failureMessages":[],"meta":{}},{"ancestorTitles":["scoreQuestionHeuristics"],"fullName":"scoreQuestionHeuristics score never goes below 0","status":"passed","title":"score never goes below 0","duration":0.4349999999994907,"failureMessages":[],"meta":{}},{"ancestorTitles":["evaluateBatch"],"fullName":"evaluateBatch accepts a clean batch","status":"passed","title":"accepts a clean batch","duration":0.7824000000000524,"failureMessages":[],"meta":{}},{"ancestorTitles":["evaluateBatch"],"fullName":"evaluateBatch triggers regen_full when average < 70","status":"passed","title":"triggers regen_full when average < 70","duration":0.3874999999998181,"failureMessages":[],"meta":{}},{"ancestorTitles":["evaluateBatch"],"fullName":"evaluateBatch triggers regen_full when unsafe detected","status":"passed","title":"triggers regen_full when unsafe detected","duration":0.5336000000006607,"failureMessages":[],"meta":{}},{"ancestorTitles":["evaluateBatch"],"fullName":"evaluateBatch triggers regen_partial when >= 2 duplicates","status":"passed","title":"triggers regen_partial when >= 2 duplicates","duration":0.4261999999998807,"failureMessages":[],"meta":{}},{"ancestorTitles":["evaluateBatch"],"fullName":"evaluateBatch returns regen_full for empty batch","status":"passed","title":"returns regen_full for empty batch","duration":0.30349999999998545,"failureMessages":[],"meta":{}},{"ancestorTitles":["combineScores"],"fullName":"combineScores returns heuristic score when critic is null","status":"passed","title":"returns heuristic score when critic is null","duration":3.0075999999999112,"failureMessages":[],"meta":{}},{"ancestorTitles":["combineScores"],"fullName":"combineScores blends 70/30 when critic is available","status":"passed","title":"blends 70/30 when critic is available","duration":0.9072999999998501,"failureMessages":[],"meta":{}},{"ancestorTitles":["combineScores"],"fullName":"combineScores merges and deduplicates flags","status":"passed","title":"merges and deduplicates flags","duration":0.9206999999996697,"failureMessages":[],"meta":{}},{"ancestorTitles":["combineScores"],"fullName":"combineScores clamps combined score to 0-100","status":"passed","title":"clamps combined score to 0-100","duration":2.9081999999998516,"failureMessages":[],"meta":{}},{"ancestorTitles":["qualityTypes"],"fullName":"qualityTypes has a quality eval version","status":"passed","title":"has a quality eval version","duration":0.3478999999997541,"failureMessages":[],"meta":{}}],"startTime":1775053438543,"endTime":1775053438581.348,"status":"passed","message":"","name":"C:/Users/loays/impact-matrix/tammal/tammal-development-code/tammal/src/ai/__tests__/aiQuality.test.ts"},{"assertionResults":[{"ancestorTitles":["computeWindowKey"],"fullName":"computeWindowKey rounds minutes down to nearest 10-minute bucket","status":"passed","title":"rounds minutes down to nearest 10-minute bucket","duration":4.3244000000004235,"failureMessages":[],"meta":{}},{"ancestorTitles":["computeWindowKey"],"fullName":"computeWindowKey handles midnight correctly","status":"passed","title":"handles midnight correctly","duration":0.7434000000002925,"failureMessages":[],"meta":{}},{"ancestorTitles":["computeWindowKey"],"fullName":"computeWindowKey handles end of day","status":"passed","title":"handles end of day","duration":0.4823000000005777,"failureMessages":[],"meta":{}},{"ancestorTitles":["computeWindowKey"],"fullName":"computeWindowKey pads single-digit month/day","status":"passed","title":"pads single-digit month/day","duration":0.6985999999997148,"failureMessages":[],"meta":{}},{"ancestorTitles":["Rate Limit Logic"],"fullName":"Rate Limit Logic allows request when both counters are below limits","status":"passed","title":"allows request when both counters are below limits","duration":1.1247999999995955,"failureMessages":[],"meta":{}},{"ancestorTitles":["Rate Limit Logic"],"fullName":"Rate Limit Logic allows request at exactly the user limit (30)","status":"passed","title":"allows request at exactly the user limit (30)","duration":0.5898000000006505,"failureMessages":[],"meta":{}},{"ancestorTitles":["Rate Limit Logic"],"fullName":"Rate Limit Logic blocks when user count exceeds limit (31)","status":"passed","title":"blocks when user count exceeds limit (31)","duration":0.5744000000004235,"failureMessages":[],"meta":{}},{"ancestorTitles":["Rate Limit Logic"],"fullName":"Rate Limit Logic allows request at exactly the tenant limit (200)","status":"passed","title":"allows request at exactly the tenant limit (200)","duration":0.5074000000004162,"failureMessages":[],"meta":{}},{"ancestorTitles":["Rate Limit Logic"],"fullName":"Rate Limit Logic blocks when tenant count exceeds limit (201)","status":"passed","title":"blocks when tenant count exceeds limit (201)","duration":0.7328999999999724,"failureMessages":[],"meta":{}},{"ancestorTitles":["Rate Limit Logic"],"fullName":"Rate Limit Logic user limit checked before tenant limit (user takes precedence)","status":"passed","title":"user limit checked before tenant limit (user takes precedence)","duration":1.4466000000002168,"failureMessages":[],"meta":{}},{"ancestorTitles":["Rate Limit Logic"],"fullName":"Rate Limit Logic high usage below limits still allowed","status":"passed","title":"high usage below limits still allowed","duration":0.3393999999998414,"failureMessages":[],"meta":{}},{"ancestorTitles":["RateLimitExceededError"],"fullName":"RateLimitExceededError creates error with correct scope and window key","status":"passed","title":"creates error with correct scope and window key","duration":0.872599999999693,"failureMessages":[],"meta":{}},{"ancestorTitles":["RateLimitExceededError"],"fullName":"RateLimitExceededError creates error with tenant scope","status":"passed","title":"creates error with tenant scope","duration":0.3712999999997919,"failureMessages":[],"meta":{}}],"startTime":1775053453769,"endTime":1775053453784.3713,"status":"passed","message":"","name":"C:/Users/loays/impact-matrix/tammal/tammal-development-code/tammal/src/ai/__tests__/aiRateLimiter.test.ts"},{"assertionResults":[{"ancestorTitles":["detectHighRisk"],"fullName":"detectHighRisk returns not high-risk for normal request","status":"passed","title":"returns not high-risk for normal request","duration":8.818000000000211,"failureMessages":[],"meta":{}},{"ancestorTitles":["detectHighRisk"],"fullName":"detectHighRisk flags questionCount > 25","status":"passed","title":"flags questionCount > 25","duration":1.5695000000005166,"failureMessages":[],"meta":{}},{"ancestorTitles":["detectHighRisk"],"fullName":"detectHighRisk flags exactly at boundary (26)","status":"passed","title":"flags exactly at boundary (26)","duration":0.5771999999997206,"failureMessages":[],"meta":{}},{"ancestorTitles":["detectHighRisk"],"fullName":"detectHighRisk does NOT flag at boundary (25)","status":"passed","title":"does NOT flag at boundary (25)","duration":0.4511000000002241,"failureMessages":[],"meta":{}},{"ancestorTitles":["detectHighRisk"],"fullName":"detectHighRisk flags enableCriticPass","status":"passed","title":"flags enableCriticPass","duration":0.7773999999999432,"failureMessages":[],"meta":{}},{"ancestorTitles":["detectHighRisk"],"fullName":"detectHighRisk flags context trim > 25%","status":"passed","title":"flags context trim > 25%","duration":0.6550999999999476,"failureMessages":[],"meta":{}},{"ancestorTitles":["detectHighRisk"],"fullName":"detectHighRisk does NOT flag context trim at 25%","status":"passed","title":"does NOT flag context trim at 25%","duration":0.4194999999999709,"failureMessages":[],"meta":{}},{"ancestorTitles":["detectHighRisk"],"fullName":"detectHighRisk accumulates multiple reasons","status":"passed","title":"accumulates multiple reasons","duration":0.7706000000007407,"failureMessages":[],"meta":{}},{"ancestorTitles":["detectPostExecutionHighRisk"],"fullName":"detectPostExecutionHighRisk flags regen_full","status":"passed","title":"flags regen_full","duration":0.8670000000001892,"failureMessages":[],"meta":{}},{"ancestorTitles":["detectPostExecutionHighRisk"],"fullName":"detectPostExecutionHighRisk does NOT flag accept","status":"passed","title":"does NOT flag accept","duration":0.4610999999995329,"failureMessages":[],"meta":{}},{"ancestorTitles":["detectPostExecutionHighRisk"],"fullName":"detectPostExecutionHighRisk does NOT flag regen_partial","status":"passed","title":"does NOT flag regen_partial","duration":0.29939999999987776,"failureMessages":[],"meta":{}},{"ancestorTitles":["isAdminRole"],"fullName":"isAdminRole returns true for tenant_admin","status":"passed","title":"returns true for tenant_admin","duration":0.427599999999984,"failureMessages":[],"meta":{}},{"ancestorTitles":["isAdminRole"],"fullName":"isAdminRole returns true for super_admin","status":"passed","title":"returns true for super_admin","duration":0.24330000000009022,"failureMessages":[],"meta":{}},{"ancestorTitles":["isAdminRole"],"fullName":"isAdminRole returns false for user","status":"passed","title":"returns false for user","duration":0.27120000000013533,"failureMessages":[],"meta":{}},{"ancestorTitles":["isAdminRole"],"fullName":"isAdminRole returns false for manager","status":"passed","title":"returns false for manager","duration":0.23499999999967258,"failureMessages":[],"meta":{}},{"ancestorTitles":["hashPayload"],"fullName":"hashPayload returns deterministic hash","status":"passed","title":"returns deterministic hash","duration":0.6149999999997817,"failureMessages":[],"meta":{}},{"ancestorTitles":["hashPayload"],"fullName":"hashPayload returns same hash for different key order","status":"passed","title":"returns same hash for different key order","duration":0.32629999999971915,"failureMessages":[],"meta":{}},{"ancestorTitles":["hashPayload"],"fullName":"hashPayload returns different hash for different payload","status":"passed","title":"returns different hash for different payload","duration":1.9618000000000393,"failureMessages":[],"meta":{}},{"ancestorTitles":["hashPayload"],"fullName":"hashPayload returns a string","status":"passed","title":"returns a string","duration":0.3225000000002183,"failureMessages":[],"meta":{}},{"ancestorTitles":["constants"],"fullName":"constants HIGH_RISK_QUESTION_COUNT = 25","status":"passed","title":"HIGH_RISK_QUESTION_COUNT = 25","duration":0.28659999999945285,"failureMessages":[],"meta":{}},{"ancestorTitles":["constants"],"fullName":"constants HIGH_RISK_TRIM_PERCENT = 0.25","status":"passed","title":"HIGH_RISK_TRIM_PERCENT = 0.25","duration":0.27930000000014843,"failureMessages":[],"meta":{}}],"startTime":1775053449743,"endTime":1775053449765.2866,"status":"passed","message":"","name":"C:/Users/loays/impact-matrix/tammal/tammal-development-code/tammal/src/ai/__tests__/approvalGate.test.ts"},{"assertionResults":[{"ancestorTitles":["PR-AI-INT-06: Autonomous Optimization Layer","Weight Adjustment"],"fullName":"PR-AI-INT-06: Autonomous Optimization Layer Weight Adjustment applies learning rate correctly","status":"passed","title":"applies learning rate correctly","duration":7.220999999999549,"failureMessages":[],"meta":{}},{"ancestorTitles":["PR-AI-INT-06: Autonomous Optimization Layer","Weight Adjustment"],"fullName":"PR-AI-INT-06: Autonomous Optimization Layer Weight Adjustment normalizes weights after adjustment","status":"passed","title":"normalizes weights after adjustment","duration":1.4920000000001892,"failureMessages":[],"meta":{}},{"ancestorTitles":["PR-AI-INT-06: Autonomous Optimization Layer","Weight Adjustment"],"fullName":"PR-AI-INT-06: Autonomous Optimization Layer Weight Adjustment clamps between 0.05 and 0.6","status":"passed","title":"clamps between 0.05 and 0.6","duration":1.1567999999988388,"failureMessages":[],"meta":{}},{"ancestorTitles":["PR-AI-INT-06: Autonomous Optimization Layer","Weight Adjustment"],"fullName":"PR-AI-INT-06: Autonomous Optimization Layer Weight Adjustment caps per-cycle change at 5%","status":"passed","title":"caps per-cycle change at 5%","duration":0.7268000000003667,"failureMessages":[],"meta":{}},{"ancestorTitles":["PR-AI-INT-06: Autonomous Optimization Layer","Weight Adjustment"],"fullName":"PR-AI-INT-06: Autonomous Optimization Layer Weight Adjustment positive delta increases weight","status":"passed","title":"positive delta increases weight","duration":0.7304999999996653,"failureMessages":[],"meta":{}},{"ancestorTitles":["PR-AI-INT-06: Autonomous Optimization Layer","Weight Adjustment"],"fullName":"PR-AI-INT-06: Autonomous Optimization Layer Weight Adjustment negative delta decreases weight","status":"passed","title":"negative delta decreases weight","duration":0.7497999999995955,"failureMessages":[],"meta":{}},{"ancestorTitles":["PR-AI-INT-06: Autonomous Optimization Layer","Weight Adjustment"],"fullName":"PR-AI-INT-06: Autonomous Optimization Layer Weight Adjustment zero delta produces no change before normalization","status":"passed","title":"zero delta produces no change before normalization","duration":1.037899999999354,"failureMessages":[],"meta":{}},{"ancestorTitles":["PR-AI-INT-06: Autonomous Optimization Layer","Weight Adjustment"],"fullName":"PR-AI-INT-06: Autonomous Optimization Layer Weight Adjustment multiple dimensions adjust independently","status":"passed","title":"multiple dimensions adjust independently","duration":0.5353000000013708,"failureMessages":[],"meta":{}},{"ancestorTitles":["PR-AI-INT-06: Autonomous Optimization Layer","Weight Adjustment"],"fullName":"PR-AI-INT-06: Autonomous Optimization Layer Weight Adjustment sum always equals 1.0 after normalization","status":"passed","title":"sum always equals 1.0 after normalization","duration":2.0285000000003492,"failureMessages":[],"meta":{}},{"ancestorTitles":["PR-AI-INT-06: Autonomous Optimization Layer","Weight Adjustment"],"fullName":"PR-AI-INT-06: Autonomous Optimization Layer Weight Adjustment history stores previous 3 states correctly","status":"passed","title":"history stores previous 3 states correctly","duration":1.2718000000004395,"failureMessages":[],"meta":{}},{"ancestorTitles":["PR-AI-INT-06: Autonomous Optimization Layer","Weight Adjustment"],"fullName":"PR-AI-INT-06: Autonomous Optimization Layer Weight Adjustment rollback restores correct state","status":"passed","title":"rollback restores correct state","duration":4.252800000000207,"failureMessages":[],"meta":{}},{"ancestorTitles":["PR-AI-INT-06: Autonomous Optimization Layer","Weight Adjustment"],"fullName":"PR-AI-INT-06: Autonomous Optimization Layer Weight Adjustment shadow mode computes but should not write","status":"passed","title":"shadow mode computes but should not write","duration":1.9130999999997584,"failureMessages":[],"meta":{}},{"ancestorTitles":["PR-AI-INT-06: Autonomous Optimization Layer","Guardrail Enforcement"],"fullName":"PR-AI-INT-06: Autonomous Optimization Layer Guardrail Enforcement skips when mode = disabled","status":"passed","title":"skips when mode = disabled","duration":0.8850000000002183,"failureMessages":[],"meta":{}},{"ancestorTitles":["PR-AI-INT-06: Autonomous Optimization Layer","Guardrail Enforcement"],"fullName":"PR-AI-INT-06: Autonomous Optimization Layer Guardrail Enforcement skips when last_adjustment < 7 days","status":"passed","title":"skips when last_adjustment < 7 days","duration":5.665999999999258,"failureMessages":[],"meta":{}},{"ancestorTitles":["PR-AI-INT-06: Autonomous Optimization Layer","Guardrail Enforcement"],"fullName":"PR-AI-INT-06: Autonomous Optimization Layer Guardrail Enforcement skips when SLA risk = high","status":"passed","title":"skips when SLA risk = high","duration":0.554599999999482,"failureMessages":[],"meta":{}},{"ancestorTitles":["PR-AI-INT-06: Autonomous Optimization Layer","Guardrail Enforcement"],"fullName":"PR-AI-INT-06: Autonomous Optimization Layer Guardrail Enforcement skips when budget = hard_limit","status":"passed","title":"skips when budget = hard_limit","duration":0.7217000000000553,"failureMessages":[],"meta":{}},{"ancestorTitles":["PR-AI-INT-06: Autonomous Optimization Layer","Guardrail Enforcement"],"fullName":"PR-AI-INT-06: Autonomous Optimization Layer Guardrail Enforcement skips when anomaly_frozen_until > now","status":"passed","title":"skips when anomaly_frozen_until > now","duration":6.084999999999127,"failureMessages":[],"meta":{}},{"ancestorTitles":["PR-AI-INT-06: Autonomous Optimization Layer","Guardrail Enforcement"],"fullName":"PR-AI-INT-06: Autonomous Optimization Layer Guardrail Enforcement does not skip in shadow mode (compute allowed)","status":"passed","title":"does not skip in shadow mode (compute allowed)","duration":0.47340000000076543,"failureMessages":[],"meta":{}},{"ancestorTitles":["PR-AI-INT-06: Autonomous Optimization Layer","Guardrail Enforcement"],"fullName":"PR-AI-INT-06: Autonomous Optimization Layer Guardrail Enforcement handles multiple guardrails simultaneously","status":"passed","title":"handles multiple guardrails simultaneously","duration":0.4675999999999476,"failureMessages":[],"meta":{}},{"ancestorTitles":["PR-AI-INT-06: Autonomous Optimization Layer","Guardrail Enforcement"],"fullName":"PR-AI-INT-06: Autonomous Optimization Layer Guardrail Enforcement allows adjustment when all guardrails pass","status":"passed","title":"allows adjustment when all guardrails pass","duration":0.48989999999866995,"failureMessages":[],"meta":{}},{"ancestorTitles":["PR-AI-INT-06: Autonomous Optimization Layer","Anomaly Detection"],"fullName":"PR-AI-INT-06: Autonomous Optimization Layer Anomaly Detection computes Z-score correctly","status":"passed","title":"computes Z-score correctly","duration":0.7659000000003289,"failureMessages":[],"meta":{}},{"ancestorTitles":["PR-AI-INT-06: Autonomous Optimization Layer","Anomaly Detection"],"fullName":"PR-AI-INT-06: Autonomous Optimization Layer Anomaly Detection triggers anomaly at |z| > 3","status":"passed","title":"triggers anomaly at |z| > 3","duration":0.40970000000015716,"failureMessages":[],"meta":{}},{"ancestorTitles":["PR-AI-INT-06: Autonomous Optimization Layer","Anomaly Detection"],"fullName":"PR-AI-INT-06: Autonomous Optimization Layer Anomaly Detection no false positive at |z| = 2.5","status":"passed","title":"no false positive at |z| = 2.5","duration":0.4930000000003929,"failureMessages":[],"meta":{}},{"ancestorTitles":["PR-AI-INT-06: Autonomous Optimization Layer","Anomaly Detection"],"fullName":"PR-AI-INT-06: Autonomous Optimization Layer Anomaly Detection exploration boost capped at 20%","status":"passed","title":"exploration boost capped at 20%","duration":0.2559000000001106,"failureMessages":[],"meta":{}},{"ancestorTitles":["PR-AI-INT-06: Autonomous Optimization Layer","Anomaly Detection"],"fullName":"PR-AI-INT-06: Autonomous Optimization Layer Anomaly Detection exploration boost increments by 5%","status":"passed","title":"exploration boost increments by 5%","duration":0.22489999999925203,"failureMessages":[],"meta":{}},{"ancestorTitles":["PR-AI-INT-06: Autonomous Optimization Layer","Anomaly Detection"],"fullName":"PR-AI-INT-06: Autonomous Optimization Layer Anomaly Detection anomaly freezes autonomous for 24h","status":"passed","title":"anomaly freezes autonomous for 24h","duration":1.3649999999997817,"failureMessages":[],"meta":{}},{"ancestorTitles":["PR-AI-INT-06: Autonomous Optimization Layer","Anomaly Detection"],"fullName":"PR-AI-INT-06: Autonomous Optimization Layer Anomaly Detection handles multiple simultaneous anomalies","status":"passed","title":"handles multiple simultaneous anomalies","duration":0.6224999999994907,"failureMessages":[],"meta":{}},{"ancestorTitles":["PR-AI-INT-06: Autonomous Optimization Layer","Anomaly Detection"],"fullName":"PR-AI-INT-06: Autonomous Optimization Layer Anomaly Detection returns null for empty data","status":"passed","title":"returns null for empty data","duration":0.2828000000008615,"failureMessages":[],"meta":{}},{"ancestorTitles":["PR-AI-INT-06: Autonomous Optimization Layer","Anomaly Detection"],"fullName":"PR-AI-INT-06: Autonomous Optimization Layer Anomaly Detection returns null for single data point","status":"passed","title":"returns null for single data point","duration":0.25870000000031723,"failureMessages":[],"meta":{}},{"ancestorTitles":["PR-AI-INT-06: Autonomous Optimization Layer","Anomaly Detection"],"fullName":"PR-AI-INT-06: Autonomous Optimization Layer Anomaly Detection returns null for two data points","status":"passed","title":"returns null for two data points","duration":0.8711000000002969,"failureMessages":[],"meta":{}},{"ancestorTitles":["PR-AI-INT-06: Autonomous Optimization Layer","Hyperparameter Tuning"],"fullName":"PR-AI-INT-06: Autonomous Optimization Layer Hyperparameter Tuning clamps decay_window to 20-40","status":"passed","title":"clamps decay_window to 20-40","duration":1.4059999999990396,"failureMessages":[],"meta":{}},{"ancestorTitles":["PR-AI-INT-06: Autonomous Optimization Layer","Hyperparameter Tuning"],"fullName":"PR-AI-INT-06: Autonomous Optimization Layer Hyperparameter Tuning clamps smoothing_alpha to 0.2-0.4","status":"passed","title":"clamps smoothing_alpha to 0.2-0.4","duration":0.6964000000007218,"failureMessages":[],"meta":{}},{"ancestorTitles":["PR-AI-INT-06: Autonomous Optimization Layer","Hyperparameter Tuning"],"fullName":"PR-AI-INT-06: Autonomous Optimization Layer Hyperparameter Tuning clamps drift_threshold to 10-25%","status":"passed","title":"clamps drift_threshold to 10-25%","duration":0.9334999999991851,"failureMessages":[],"meta":{}},{"ancestorTitles":["PR-AI-INT-06: Autonomous Optimization Layer","Hyperparameter Tuning"],"fullName":"PR-AI-INT-06: Autonomous Optimization Layer Hyperparameter Tuning improvement threshold is 3%","status":"passed","title":"improvement threshold is 3%","duration":0.535200000000259,"failureMessages":[],"meta":{}},{"ancestorTitles":["PR-AI-INT-06: Autonomous Optimization Layer","Hyperparameter Tuning"],"fullName":"PR-AI-INT-06: Autonomous Optimization Layer Hyperparameter Tuning rejects improvement below 3%","status":"passed","title":"rejects improvement below 3%","duration":0.3106000000007043,"failureMessages":[],"meta":{}},{"ancestorTitles":["PR-AI-INT-06: Autonomous Optimization Layer","Hyperparameter Tuning"],"fullName":"PR-AI-INT-06: Autonomous Optimization Layer Hyperparameter Tuning accepts improvement above 3%","status":"passed","title":"accepts improvement above 3%","duration":0.546200000000681,"failureMessages":[],"meta":{}},{"ancestorTitles":["PR-AI-INT-06: Autonomous Optimization Layer","Hyperparameter Tuning"],"fullName":"PR-AI-INT-06: Autonomous Optimization Layer Hyperparameter Tuning preserves original values on reject","status":"passed","title":"preserves original values on reject","duration":0.8619999999991705,"failureMessages":[],"meta":{}},{"ancestorTitles":["PR-AI-INT-06: Autonomous Optimization Layer","Hyperparameter Tuning"],"fullName":"PR-AI-INT-06: Autonomous Optimization Layer Hyperparameter Tuning unknown parameter returns unchanged","status":"passed","title":"unknown parameter returns unchanged","duration":0.4341000000003987,"failureMessages":[],"meta":{}},{"ancestorTitles":["PR-AI-INT-06: Autonomous Optimization Layer","Sandbox Provider"],"fullName":"PR-AI-INT-06: Autonomous Optimization Layer Sandbox Provider sandbox traffic percentage is 5%","status":"passed","title":"sandbox traffic percentage is 5%","duration":0.2857000000003609,"failureMessages":[],"meta":{}},{"ancestorTitles":["PR-AI-INT-06: Autonomous Optimization Layer","Sandbox Provider"],"fullName":"PR-AI-INT-06: Autonomous Optimization Layer Sandbox Provider routes to sandbox when random < traffic_percentage/100","status":"passed","title":"routes to sandbox when random < traffic_percentage/100","duration":0.30900000000110595,"failureMessages":[],"meta":{}},{"ancestorTitles":["PR-AI-INT-06: Autonomous Optimization Layer","Sandbox Provider"],"fullName":"PR-AI-INT-06: Autonomous Optimization Layer Sandbox Provider does not route to sandbox when random >= traffic_percentage/100","status":"passed","title":"does not route to sandbox when random >= traffic_percentage/100","duration":0.3304000000007363,"failureMessages":[],"meta":{}},{"ancestorTitles":["PR-AI-INT-06: Autonomous Optimization Layer","Sandbox Provider"],"fullName":"PR-AI-INT-06: Autonomous Optimization Layer Sandbox Provider promotion threshold: quality > median","status":"passed","title":"promotion threshold: quality > median","duration":0.38210000000071886,"failureMessages":[],"meta":{}},{"ancestorTitles":["PR-AI-INT-06: Autonomous Optimization Layer","Sandbox Provider"],"fullName":"PR-AI-INT-06: Autonomous Optimization Layer Sandbox Provider disable threshold: quality < 25th percentile","status":"passed","title":"disable threshold: quality < 25th percentile","duration":0.4367000000002008,"failureMessages":[],"meta":{}},{"ancestorTitles":["PR-AI-INT-06: Autonomous Optimization Layer","Sandbox Provider"],"fullName":"PR-AI-INT-06: Autonomous Optimization Layer Sandbox Provider 7-day expiry is enforced","status":"passed","title":"7-day expiry is enforced","duration":0.45380000000113796,"failureMessages":[],"meta":{}},{"ancestorTitles":["PR-AI-INT-06: Autonomous Optimization Layer","Sandbox Provider"],"fullName":"PR-AI-INT-06: Autonomous Optimization Layer Sandbox Provider 100-call minimum for evaluation","status":"passed","title":"100-call minimum for evaluation","duration":0.4113999999990483,"failureMessages":[],"meta":{}},{"ancestorTitles":["PR-AI-INT-06: Autonomous Optimization Layer","Sandbox Provider"],"fullName":"PR-AI-INT-06: Autonomous Optimization Layer Sandbox Provider sandbox failure does not block routing","status":"passed","title":"sandbox failure does not block routing","duration":0.3287000000000262,"failureMessages":[],"meta":{}},{"ancestorTitles":["PR-AI-INT-06: Autonomous Optimization Layer","Sandbox Provider"],"fullName":"PR-AI-INT-06: Autonomous Optimization Layer Sandbox Provider multiple simultaneous sandboxes are possible","status":"passed","title":"multiple simultaneous sandboxes are possible","duration":0.4621000000006461,"failureMessages":[],"meta":{}},{"ancestorTitles":["PR-AI-INT-06: Autonomous Optimization Layer","Sandbox Provider"],"fullName":"PR-AI-INT-06: Autonomous Optimization Layer Sandbox Provider status transitions are valid","status":"passed","title":"status transitions are valid","duration":4.899099999998725,"failureMessages":[],"meta":{}},{"ancestorTitles":["PR-AI-INT-06: Autonomous Optimization Layer","Integration & Safety"],"fullName":"PR-AI-INT-06: Autonomous Optimization Layer Integration & Safety autonomous weights override MODE_WEIGHTS when provided","status":"passed","title":"autonomous weights override MODE_WEIGHTS when provided","duration":0.6295999999983906,"failureMessages":[],"meta":{}},{"ancestorTitles":["PR-AI-INT-06: Autonomous Optimization Layer","Integration & Safety"],"fullName":"PR-AI-INT-06: Autonomous Optimization Layer Integration & Safety fail-open when autonomous_state is null","status":"passed","title":"fail-open when autonomous_state is null","duration":0.4205999999994674,"failureMessages":[],"meta":{}},{"ancestorTitles":["PR-AI-INT-06: Autonomous Optimization Layer","Integration & Safety"],"fullName":"PR-AI-INT-06: Autonomous Optimization Layer Integration & Safety fail-open when autonomous_state fetch errors","status":"passed","title":"fail-open when autonomous_state fetch errors","duration":0.5064000000002125,"failureMessages":[],"meta":{}},{"ancestorTitles":["PR-AI-INT-06: Autonomous Optimization Layer","Integration & Safety"],"fullName":"PR-AI-INT-06: Autonomous Optimization Layer Integration & Safety disabled mode does not inject weights","status":"passed","title":"disabled mode does not inject weights","duration":0.44470000000001164,"failureMessages":[],"meta":{}},{"ancestorTitles":["PR-AI-INT-06: Autonomous Optimization Layer","Integration & Safety"],"fullName":"PR-AI-INT-06: Autonomous Optimization Layer Integration & Safety shadow mode does not inject weights","status":"passed","title":"shadow mode does not inject weights","duration":0.7143999999989319,"failureMessages":[],"meta":{}},{"ancestorTitles":["PR-AI-INT-06: Autonomous Optimization Layer","Integration & Safety"],"fullName":"PR-AI-INT-06: Autonomous Optimization Layer Integration & Safety Thompson compatibility: weights do not interfere","status":"passed","title":"Thompson compatibility: weights do not interfere","duration":0.4533000000010361,"failureMessages":[],"meta":{}},{"ancestorTitles":["PR-AI-INT-06: Autonomous Optimization Layer","Integration & Safety"],"fullName":"PR-AI-INT-06: Autonomous Optimization Layer Integration & Safety cost-aware compatibility: weights are applied","status":"passed","title":"cost-aware compatibility: weights are applied","duration":0.3929000000007363,"failureMessages":[],"meta":{}},{"ancestorTitles":["PR-AI-INT-06: Autonomous Optimization Layer","Integration & Safety"],"fullName":"PR-AI-INT-06: Autonomous Optimization Layer Integration & Safety multi-tenant isolation: different tenants have different states","status":"passed","title":"multi-tenant isolation: different tenants have different states","duration":0.5748999999996158,"failureMessages":[],"meta":{}},{"ancestorTitles":["PR-AI-INT-06: Autonomous Optimization Layer","Integration & Safety"],"fullName":"PR-AI-INT-06: Autonomous Optimization Layer Integration & Safety no cross-tenant weight leakage","status":"passed","title":"no cross-tenant weight leakage","duration":0.6961000000010245,"failureMessages":[],"meta":{}},{"ancestorTitles":["PR-AI-INT-06: Autonomous Optimization Layer","Integration & Safety"],"fullName":"PR-AI-INT-06: Autonomous Optimization Layer Integration & Safety telemetry fields are populated correctly","status":"passed","title":"telemetry fields are populated correctly","duration":1.384200000000419,"failureMessages":[],"meta":{}},{"ancestorTitles":["PR-AI-INT-06: Autonomous Optimization Layer","Integration & Safety"],"fullName":"PR-AI-INT-06: Autonomous Optimization Layer Integration & Safety concurrent optimizer runs are idempotent","status":"passed","title":"concurrent optimizer runs are idempotent","duration":2.196799999999712,"failureMessages":[],"meta":{}},{"ancestorTitles":["PR-AI-INT-06: Autonomous Optimization Layer","Integration & Safety"],"fullName":"PR-AI-INT-06: Autonomous Optimization Layer Integration & Safety learning rate of 0.05 is conservative enough","status":"passed","title":"learning rate of 0.05 is conservative enough","duration":0.4219999999986612,"failureMessages":[],"meta":{}},{"ancestorTitles":["PR-AI-INT-06: Autonomous Optimization Layer","Convergence Stability"],"fullName":"PR-AI-INT-06: Autonomous Optimization Layer Convergence Stability weights converge over 100 iterations without oscillation","status":"passed","title":"weights converge over 100 iterations without oscillation","duration":4.481200000000172,"failureMessages":[],"meta":{}},{"ancestorTitles":["PR-AI-INT-06: Autonomous Optimization Layer","Convergence Stability"],"fullName":"PR-AI-INT-06: Autonomous Optimization Layer Convergence Stability weights stay bounded over 1000 iterations","status":"passed","title":"weights stay bounded over 1000 iterations","duration":816.3849000000009,"failureMessages":[],"meta":{}}],"startTime":1775053420355,"endTime":1775053421254.385,"status":"passed","message":"","name":"C:/Users/loays/impact-matrix/tammal/tammal-development-code/tammal/src/ai/__tests__/autonomousOptimizer.test.ts"},{"assertionResults":[{"ancestorTitles":["Cost Normalization"],"fullName":"Cost Normalization picks cheapest provider with highest cost score","status":"passed","title":"picks cheapest provider with highest cost score","duration":5.057800000000498,"failureMessages":[],"meta":{}},{"ancestorTitles":["Cost Normalization"],"fullName":"Cost Normalization equal costs yield equal cost scores","status":"passed","title":"equal costs yield equal cost scores","duration":1.1014999999988504,"failureMessages":[],"meta":{}},{"ancestorTitles":["Cost Normalization"],"fullName":"Cost Normalization zero cost yields perfect score (1.0)","status":"passed","title":"zero cost yields perfect score (1.0)","duration":0.6726000000016938,"failureMessages":[],"meta":{}},{"ancestorTitles":["Cost Normalization"],"fullName":"Cost Normalization all zeros handled gracefully","status":"passed","title":"all zeros handled gracefully","duration":3.4671999999991385,"failureMessages":[],"meta":{}},{"ancestorTitles":["Routing Mode Weight Switching"],"fullName":"Routing Mode Weight Switching performance mode: quality weight = 0.45","status":"passed","title":"performance mode: quality weight = 0.45","duration":1.014999999999418,"failureMessages":[],"meta":{}},{"ancestorTitles":["Routing Mode Weight Switching"],"fullName":"Routing Mode Weight Switching balanced mode: equal weights (0.2 each)","status":"passed","title":"balanced mode: equal weights (0.2 each)","duration":0.9008000000012544,"failureMessages":[],"meta":{}},{"ancestorTitles":["Routing Mode Weight Switching"],"fullName":"Routing Mode Weight Switching cost_saver mode: cost weight = 0.40","status":"passed","title":"cost_saver mode: cost weight = 0.40","duration":0.4539999999997235,"failureMessages":[],"meta":{}},{"ancestorTitles":["Routing Mo
[...]
ovider Failures"],"fullName":"PR-AI-OPS-01: Provider Failure Modes Provider Failures 50% 5xx: fallback selects healthy provider","status":"passed","title":"50% 5xx: fallback selects healthy provider","duration":1.0006999999986874,"failureMessages":[],"meta":{}},{"ancestorTitles":["PR-AI-OPS-01: Provider Failure Modes","Provider Failures"],"fullName":"PR-AI-OPS-01: Provider Failure Modes Provider Failures 5x latency spike: detected via EWMA comparison","status":"passed","title":"5x latency spike: detected via EWMA comparison","duration":0.9631999999983236,"failureMessages":[],"meta":{}},{"ancestorTitles":["PR-AI-OPS-01: Provider Failure Modes","Provider Failures"],"fullName":"PR-AI-OPS-01: Provider Failure Modes Provider Failures partial degradation: degraded provider ranks lower","status":"passed","title":"partial degradation: degraded provider ranks lower","duration":1.4426999999996042,"failureMessages":[],"meta":{}},{"ancestorTitles":["PR-AI-OPS-01: Provider Failure Modes","Provider Failures"],"fullName":"PR-AI-OPS-01: Provider Failure Modes Provider Failures no infinite retry loop: max attempts = providers.length","status":"passed","title":"no infinite retry loop: max attempts = providers.length","duration":0.7263000000002648,"failureMessages":[],"meta":{}},{"ancestorTitles":["PR-AI-OPS-01: Provider Failure Modes","Provider Failures"],"fullName":"PR-AI-OPS-01: Provider Failure Modes Provider Failures fail-open: routing returns result even if all metrics queries fail","status":"passed","title":"fail-open: routing returns result even if all metrics queries fail","duration":1.1088999999992666,"failureMessages":[],"meta":{}},{"ancestorTitles":["PR-AI-OPS-01: Provider Failure Modes","Provider Failures"],"fullName":"PR-AI-OPS-01: Provider Failure Modes Provider Failures SLA penalty applied after 5xx: inserts penalty with TTL","status":"passed","title":"SLA penalty applied after 5xx: inserts penalty with TTL","duration":0.5370000000002619,"failureMessages":[],"meta":{}},{"ancestorTitles":["PR-AI-OPS-01: Provider Failure Modes","Provider Failures"],"fullName":"PR-AI-OPS-01: Provider Failure Modes Provider Failures Thompson posterior updates ts_beta on failure","status":"passed","title":"Thompson posterior updates ts_beta on failure","duration":0.488999999999578,"failureMessages":[],"meta":{}},{"ancestorTitles":["PR-AI-OPS-01: Provider Failure Modes","Provider Failures"],"fullName":"PR-AI-OPS-01: Provider Failure Modes Provider Failures forecast detects latency drift after persistent spike","status":"passed","title":"forecast detects latency drift after persistent spike","duration":0.6610000000000582,"failureMessages":[],"meta":{}},{"ancestorTitles":["PR-AI-OPS-01: Provider Failure Modes","Provider Failures"],"fullName":"PR-AI-OPS-01: Provider Failure Modes Provider Failures random intermittent failures: no crash over 100 iterations","status":"passed","title":"random intermittent failures: no crash over 100 iterations","duration":1.2678999999989173,"failureMessages":[],"meta":{}},{"ancestorTitles":["PR-AI-OPS-01: Provider Failure Modes","Cost Explosion"],"fullName":"PR-AI-OPS-01: Provider Failure Modes Cost Explosion 10x cost spike: normalization still produces [0,1]","status":"passed","title":"10x cost spike: normalization still produces [0,1]","duration":1.7682000000004336,"failureMessages":[],"meta":{}},{"ancestorTitles":["PR-AI-OPS-01: Provider Failure Modes","Cost Explosion"],"fullName":"PR-AI-OPS-01: Provider Failure Modes Cost Explosion negative cost: EWMA floors at 0, no negative propagation","status":"passed","title":"negative cost: EWMA floors at 0, no negative propagation","duration":0.6288999999997031,"failureMessages":[],"meta":{}},{"ancestorTitles":["PR-AI-OPS-01: Provider Failure Modes","Cost Explosion"],"fullName":"PR-AI-OPS-01: Provider Failure Modes Cost Explosion budget table unavailable: defaults to balanced/no_config","status":"passed","title":"budget table unavailable: defaults to balanced/no_config","duration":0.8125,"failureMessages":[],"meta":{}},{"ancestorTitles":["PR-AI-OPS-01: Provider Failure Modes","Cost Explosion"],"fullName":"PR-AI-OPS-01: Provider Failure Modes Cost Explosion budget hard limit: forces cost_saver mode","status":"passed","title":"budget hard limit: forces cost_saver mode","duration":0.613999999999578,"failureMessages":[],"meta":{}},{"ancestorTitles":["PR-AI-OPS-01: Provider Failure Modes","Cost Explosion"],"fullName":"PR-AI-OPS-01: Provider Failure Modes Cost Explosion autonomous frozen when budget at hard limit","status":"passed","title":"autonomous frozen when budget at hard limit","duration":0.44839999999931024,"failureMessages":[],"meta":{}},{"ancestorTitles":["PR-AI-OPS-01: Provider Failure Modes","Cost Explosion"],"fullName":"PR-AI-OPS-01: Provider Failure Modes Cost Explosion NaN cost does not corrupt scoring","status":"passed","title":"NaN cost does not corrupt scoring","duration":0.39030000000093423,"failureMessages":[],"meta":{}},{"ancestorTitles":["PR-AI-OPS-01: Provider Failure Modes","Cost Explosion"],"fullName":"PR-AI-OPS-01: Provider Failure Modes Cost Explosion Infinity cost does not overflow","status":"passed","title":"Infinity cost does not overflow","duration":0.4381999999986874,"failureMessages":[],"meta":{}},{"ancestorTitles":["PR-AI-OPS-01: Provider Failure Modes","Forecast Engine Failure"],"fullName":"PR-AI-OPS-01: Provider Failure Modes Forecast Engine Failure empty forecast returns neutral adjustments","status":"passed","title":"empty forecast returns neutral adjustments","duration":0.5740000000005239,"failureMessages":[],"meta":{}},{"ancestorTitles":["PR-AI-OPS-01: Provider Failure Modes","Forecast Engine Failure"],"fullName":"PR-AI-OPS-01: Provider Failure Modes Forecast Engine Failure division by zero in burn rate: no crash","status":"passed","title":"division by zero in burn rate: no crash","duration":0.5230000000010477,"failureMessages":[],"meta":{}},{"ancestorTitles":["PR-AI-OPS-01: Provider Failure Modes","Forecast Engine Failure"],"fullName":"PR-AI-OPS-01: Provider Failure Modes Forecast Engine Failure NaN burn rate: clamped/defaulted","status":"passed","title":"NaN burn rate: clamped/defaulted","duration":0.4835000000002765,"failureMessages":[],"meta":{}},{"ancestorTitles":["PR-AI-OPS-01: Provider Failure Modes","Forecast Engine Failure"],"fullName":"PR-AI-OPS-01: Provider Failure Modes Forecast Engine Failure NaN performance drift score: safe adjustment","status":"passed","title":"NaN performance drift score: safe adjustment","duration":0.3199000000004162,"failureMessages":[],"meta":{}},{"ancestorTitles":["PR-AI-OPS-01: Provider Failure Modes","Forecast Engine Failure"],"fullName":"PR-AI-OPS-01: Provider Failure Modes Forecast Engine Failure missing performance history: returns low risk","status":"passed","title":"missing performance history: returns low risk","duration":0.3294999999998254,"failureMessages":[],"meta":{}},{"ancestorTitles":["PR-AI-OPS-01: Provider Failure Modes","Forecast Engine Failure"],"fullName":"PR-AI-OPS-01: Provider Failure Modes Forecast Engine Failure stale forecast (cron not running): neutral adjustments","status":"passed","title":"stale forecast (cron not running): neutral adjustments","duration":0.3427000000010594,"failureMessages":[],"meta":{}},{"ancestorTitles":["PR-AI-OPS-01: Provider Failure Modes","Thompson Sampling Corruption"],"fullName":"PR-AI-OPS-01: Provider Failure Modes Thompson Sampling Corruption ts_alpha = 0: clamped to floor, sampling proceeds","status":"passed","title":"ts_alpha = 0: clamped to floor, sampling proceeds","duration":0.40639999999984866,"failureMessages":[],"meta":{}},{"ancestorTitles":["PR-AI-OPS-01: Provider Failure Modes","Thompson Sampling Corruption"],"fullName":"PR-AI-OPS-01: Provider Failure Modes Thompson Sampling Corruption ts_beta = 0: clamped to floor, sampling proceeds","status":"passed","title":"ts_beta = 0: clamped to floor, sampling proceeds","duration":0.3482000000003609,"failureMessages":[],"meta":{}},{"ancestorTitles":["PR-AI-OPS-01: Provider Failure Modes","Thompson Sampling Corruption"],"fullName":"PR-AI-OPS-01: Provider Failure Modes Thompson Sampling Corruption negative variance: floored at safe minimum","status":"passed","title":"negative variance: floored at safe minimum","duration":0.3532999999988533,"failureMessages":[],"meta":{}},{"ancestorTitles":["PR-AI-OPS-01: Provider Failure Modes","Thompson Sampling Corruption"],"fullName":"PR-AI-OPS-01: Provider Failure Modes Thompson Sampling Corruption NaN alpha and beta: defaults to uniform prior (1,1)","status":"passed","title":"NaN alpha and beta: defaults to uniform prior (1,1)","duration":0.4295000000001892,"failureMessages":[],"meta":{}},{"ancestorTitles":["PR-AI-OPS-01: Provider Failure Modes","Thompson Sampling Corruption"],"fullName":"PR-AI-OPS-01: Provider Failure Modes Thompson Sampling Corruption corrupted metrics: no NaN propagation in scoring","status":"passed","title":"corrupted metrics: no NaN propagation in scoring","duration":1.4273000000011962,"failureMessages":[],"meta":{}}],"startTime":1775053434995,"endTime":1775053435023.4272,"status":"passed","message":"","name":"C:/Users/loays/impact-matrix/tammal/tammal-development-code/tammal/src/ai/__tests__/chaos/providerFailures.test.ts"},{"assertionResults":[{"ancestorTitles":["PR-AI-OPS-01: Rollback Safety"],"fullName":"PR-AI-OPS-01: Rollback Safety weight history stores exactly last 3 states","status":"passed","title":"weight history stores exactly last 3 states","duration":4.7695999999996275,"failureMessages":[],"meta":{}},{"ancestorTitles":["PR-AI-OPS-01: Rollback Safety"],"fullName":"PR-AI-OPS-01: Rollback Safety rollback pops most recent and restores it","status":"passed","title":"rollback pops most recent and restores it","duration":6.340799999999945,"failureMessages":[],"meta":{}},{"ancestorTitles":["PR-AI-OPS-01: Rollback Safety"],"fullName":"PR-AI-OPS-01: Rollback Safety after rollback, autonomous engine can resume (mode stays enabled)","status":"passed","title":"after rollback, autonomous engine can resume (mode stays enabled)","duration":0.8182000000006155,"failureMessages":[],"meta":{}},{"ancestorTitles":["PR-AI-OPS-01: Rollback Safety"],"fullName":"PR-AI-OPS-01: Rollback Safety rollback with empty history returns error, no crash","status":"passed","title":"rollback with empty history returns error, no crash","duration":0.6324000000004162,"failureMessages":[],"meta":{}},{"ancestorTitles":["PR-AI-OPS-01: Rollback Safety"],"fullName":"PR-AI-OPS-01: Rollback Safety partial write simulation: previous weights preserved on failure","status":"passed","title":"partial write simulation: previous weights preserved on failure","duration":0.6809000000002925,"failureMessages":[],"meta":{}},{"ancestorTitles":["PR-AI-OPS-01: Rollback Safety"],"fullName":"PR-AI-OPS-01: Rollback Safety shadow mode never writes to current_weights","status":"passed","title":"shadow mode never writes to current_weights","duration":1.0801000000001295,"failureMessages":[],"meta":{}},{"ancestorTitles":["PR-AI-OPS-01: Rollback Safety"],"fullName":"PR-AI-OPS-01: Rollback Safety multiple consecutive rollbacks drain history correctly","status":"passed","title":"multiple consecutive rollbacks drain history correctly","duration":1.050799999999981,"failureMessages":[],"meta":{}},{"ancestorTitles":["PR-AI-OPS-01: Rollback Safety"],"fullName":"PR-AI-OPS-01: Rollback Safety rollback is audited in audit log","status":"passed","title":"rollback is audited in audit log","duration":0.7721000000001368,"failureMessages":[],"meta":{}}],"startTime":1775053452653,"endTime":1775053452669.7722,"status":"passed","message":"","name":"C:/Users/loays/impact-matrix/tammal/tammal-development-code/tammal/src/ai/__tests__/chaos/rollbackSafety.test.ts"},{"assertionResults":[{"ancestorTitles":["PR-AI-OPS-01: Multi-Tenant Isolation"],"fullName":"PR-AI-OPS-01: Multi-Tenant Isolation Tenant A weights are scoped to Tenant A only","status":"passed","title":"Tenant A weights are scoped to Tenant A only","duration":4.195800000000418,"failureMessages":[],"meta":{}},{"ancestorTitles":["PR-AI-OPS-01: Multi-Tenant Isolation"],"fullName":"PR-AI-OPS-01: Multi-Tenant Isolation Tenant A forecast state isolated from Tenant B","status":"passed","title":"Tenant A forecast state isolated from Tenant B","duration":0.9014999999999418,"failureMessages":[],"meta":{}},{"ancestorTitles":["PR-AI-OPS-01: Multi-Tenant Isolation"],"fullName":"PR-AI-OPS-01: Multi-Tenant Isolation governance action cannot modify cross-tenant state","status":"passed","title":"governance action cannot modify cross-tenant state","duration":0.4822999999996682,"failureMessages":[],"meta":{}},{"ancestorTitles":["PR-AI-OPS-01: Multi-Tenant Isolation"],"fullName":"PR-AI-OPS-01: Multi-Tenant Isolation autonomous optimizer filters by tenant_id","status":"passed","title":"autonomous optimizer filters by tenant_id","duration":1.5808999999999287,"failureMessages":[],"meta":{}},{"ancestorTitles":["PR-AI-OPS-01: Multi-Tenant Isolation"],"fullName":"PR-AI-OPS-01: Multi-Tenant Isolation sandbox evaluations scoped to tenant","status":"passed","title":"sandbox evaluations scoped to tenant","duration":0.7761000000000422,"failureMessages":[],"meta":{}},{"ancestorTitles":["PR-AI-OPS-01: Multi-Tenant Isolation"],"fullName":"PR-AI-OPS-01: Multi-Tenant Isolation audit log entries tagged with correct tenant_id","status":"passed","title":"audit log entries tagged with correct tenant_id","duration":2.4192000000002736,"failureMessages":[],"meta":{}},{"ancestorTitles":["PR-AI-OPS-01: Multi-Tenant Isolation"],"fullName":"PR-AI-OPS-01: Multi-Tenant Isolation cross-tenant penalty cannot affect unrelated tenant","status":"passed","title":"cross-tenant penalty cannot affect unrelated tenant","duration":0.5205999999998312,"failureMessages":[],"meta":{}},{"ancestorTitles":["PR-AI-OPS-01: Multi-Tenant Isolation"],"fullName":"PR-AI-OPS-01: Multi-Tenant Isolation budget config queries always include tenant_id filter","status":"passed","title":"budget config queries always include tenant_id filter","duration":0.6439999999993233,"failureMessages":[],"meta":{}},{"ancestorTitles":["PR-AI-OPS-01: Multi-Tenant Isolation"],"fullName":"PR-AI-OPS-01: Multi-Tenant Isolation usage24h is global by design: contains no tenant-specific data","status":"passed","title":"usage24h is global by design: contains no tenant-specific data","duration":0.6699999999991633,"failureMessages":[],"meta":{}},{"ancestorTitles":["PR-AI-OPS-01: Multi-Tenant Isolation"],"fullName":"PR-AI-OPS-01: Multi-Tenant Isolation governance edge function must validate tenant from profile not request body","status":"passed","title":"governance edge function must validate tenant from profile not request body","duration":0.6579000000001543,"failureMessages":[],"meta":{}},{"ancestorTitles":["PR-AI-OPS-01: Multi-Tenant Isolation"],"fullName":"PR-AI-OPS-01: Multi-Tenant Isolation metrics aggregation separates tenant from global scope","status":"passed","title":"metrics aggregation separates tenant from global scope","duration":1.3284000000003289,"failureMessages":[],"meta":{}},{"ancestorTitles":["PR-AI-OPS-01: Multi-Tenant Isolation"],"fullName":"PR-AI-OPS-01: Multi-Tenant Isolation no tenant_id leakage through error messages","status":"passed","title":"no tenant_id leakage through error messages","duration":0.952900000000227,"failureMessages":[],"meta":{}}],"startTime":1775053444739,"endTime":1775053444754.953,"status":"passed","message":"","name":"C:/Users/loays/impact-matrix/tammal/tammal-development-code/tammal/src/ai/__tests__/chaos/tenantIsolation.test.ts"},{"assertionResults":[],"startTime":1775053399978,"endTime":1775053399978,"status":"failed","message":"Failed to resolve import \"../checkinService\" from \"src/features/wellness/services/checkinService.test.ts\". Does the file exist?","name":"C:/Users/loays/impact-matrix/tammal/tammal-development-code/tammal/src/features/wellness/services/checkinService.test.ts"},{"assertionResults":[{"ancestorTitles":["useCheckinSubmit"],"fullName":"useCheckinSubmit returns result and invalidates correct caches on success","status":"passed","title":"returns result and invalidates correct caches on success","duration":63.09529999999995,"failureMessages":[],"meta":{}},{"ancestorTitles":["useCheckinSubmit"],"fullName":"useCheckinSubmit shows info toast and skips invalidation when DuplicateCheckinError thrown","status":"passed","title":"shows info toast and skips invalidation when DuplicateCheckinError thrown","duration":6.556999999999789,"failureMessages":[],"meta":{}},{"ancestorTitles":["useCheckinSubmit"],"fullName":"useCheckinSubmit sets error state and shows toast on failure","status":"passed","title":"sets error state and shows toast on failure","duration":9.043099999999868,"failureMessages":[],"meta":{}},{"ancestorTitles":["useCheckinSubmit"],"fullName":"useCheckinSubmit uses fallback error message for non-Error throws","status":"passed","title":"uses fallback error message for non-Error throws","duration":20.61540000000059,"failureMessages":[],"meta":{}},{"ancestorTitles":["useCheckinSubmit"],"fullName":"useCheckinSubmit sets isSubmitting during mutation","status":"passed","title":"sets isSubmitting during mutation","duration":39.12010000000009,"failureMessages":[],"meta":{}}],"startTime":1775053425423,"endTime":1775053425562.12,"status":"passed","message":"","name":"C:/Users/loays/impact-matrix/tammal/tammal-development-code/tammal/src/features/wellness/hooks/useCheckinSubmit.test.tsx"},{"assertionResults":[{"ancestorTitles":["MySupportPage — label display"],"fullName":"MySupportPage — label display renders the page title correctly","status":"passed","title":"renders the page title correctly","duration":620.3809999999994,"failureMessages":[],"meta":{}},{"ancestorTitles":["MySupportPage — label display"],"fullName":"MySupportPage — label display shows translated intent labels, never raw keys","status":"passed","title":"shows translated intent labels, never raw keys","duration":115.76659999999902,"failureMessages":[],"meta":{}},{"ancestorTitles":["MySupportPage — label display"],"fullName":"MySupportPage — label display shows translated status badges","status":"passed","title":"shows translated status badges","duration":165.15009999999893,"failureMessages":[],"meta":{}},{"ancestorTitles":["MySupportPage — label display"],"fullName":"MySupportPage — label display falls back gracefully for unknown intents","status":"passed","title":"falls back gracefully for unknown intents","duration":103.91289999999935,"failureMessages":[],"meta":{}}],"startTime":1775053417056,"endTime":1775053418061.9128,"status":"passed","message":"","name":"C:/Users/loays/impact-matrix/tammal/tammal-development-code/tammal/src/features/crisis/pages/__tests__/MySupportPage.test.tsx"},{"assertionResults":[{"ancestorTitles":["PageErrorBoundary"],"fullName":"PageErrorBoundary renders children when no error occurs","status":"passed","title":"renders children when no error occurs","duration":157.1224000000002,"failureMessages":[],"meta":{}},{"ancestorTitles":["PageErrorBoundary"],"fullName":"PageErrorBoundary renders fallback UI when a child throws","status":"passed","title":"renders fallback UI when a child throws","duration":1206.8014000000003,"failureMessages":[],"meta":{}},{"ancestorTitles":["PageErrorBoundary"],"fullName":"PageErrorBoundary resets state on Retry click","status":"passed","title":"resets state on Retry click","duration":190.01870000000054,"failureMessages":[],"meta":{}},{"ancestorTitles":["PageErrorBoundary"],"fullName":"PageErrorBoundary does not crash the outer tree","status":"passed","title":"does not crash the outer tree","duration":168.75820000000022,"failureMessages":[],"meta":{}}],"startTime":1775053416174,"endTime":1775053417898.7583,"status":"passed","message":"","name":"C:/Users/loays/impact-matrix/tammal/tammal-development-code/tammal/src/shared/components/errors/__tests__/PageErrorBoundary.test.tsx"}]}